  [1m[35m (736.2ms)[0m  [1m[35mCREATE DATABASE "the-movie-database_development" ENCODING = 'unicode'[0m
  ↳ /home/fenitra/.rbenv/versions/2.5.0/bin/rake:23
  [1m[35m (463.4ms)[0m  [1m[35mCREATE DATABASE "the-movie-database_test" ENCODING = 'unicode'[0m
  ↳ /home/fenitra/.rbenv/versions/2.5.0/bin/rake:23
Started GET "/" for 127.0.0.1 at 2018-04-30 22:48:59 +0200
Processing by WelcomeController#index as HTML
  Rendering welcome/index.html.erb within layouts/application
  Rendered welcome/index.html.erb within layouts/application (6.1ms)
Completed 200 OK in 2172ms (Views: 2154.1ms | ActiveRecord: 0.0ms)


  [1m[35m (52.2ms)[0m  [1m[35mCREATE TABLE "schema_migrations" ("version" character varying NOT NULL PRIMARY KEY)[0m
  ↳ bin/rails:9
  [1m[35m (14.6ms)[0m  [1m[35mCREATE TABLE "ar_internal_metadata" ("key" character varying NOT NULL PRIMARY KEY, "value" character varying, "created_at" timestamp NOT NULL, "updated_at" timestamp NOT NULL)[0m
  ↳ bin/rails:9
  [1m[35m (1.2ms)[0m  [1m[34mSELECT pg_try_advisory_lock(644979486115720875)[0m
  ↳ bin/rails:9
  [1m[35m (2.1ms)[0m  [1m[34mSELECT "schema_migrations"."version" FROM "schema_migrations" ORDER BY "schema_migrations"."version" ASC[0m
  ↳ bin/rails:9
Migrating to CreateMovies (20180430205123)
  [1m[35m (0.5ms)[0m  [1m[35mBEGIN[0m
  ↳ bin/rails:9
  [1m[35m (21.1ms)[0m  [1m[35mCREATE TABLE "movies" ("id" bigserial primary key, "title" character varying, "release_year" integer, "director" character varying, "created_at" timestamp NOT NULL, "updated_at" timestamp NOT NULL)[0m
  ↳ db/migrate/20180430205123_create_movies.rb:3
  [1m[36mActiveRecord::SchemaMigration Create (3.1ms)[0m  [1m[32mINSERT INTO "schema_migrations" ("version") VALUES ($1) RETURNING "version"[0m  [["version", "20180430205123"]]
  ↳ bin/rails:9
  [1m[35m (2.0ms)[0m  [1m[35mCOMMIT[0m
  ↳ bin/rails:9
  [1m[36mActiveRecord::InternalMetadata Load (1.5ms)[0m  [1m[34mSELECT  "ar_internal_metadata".* FROM "ar_internal_metadata" WHERE "ar_internal_metadata"."key" = $1 LIMIT $2[0m  [["key", "environment"], ["LIMIT", 1]]
  ↳ bin/rails:9
  [1m[35m (0.8ms)[0m  [1m[35mBEGIN[0m
  ↳ bin/rails:9
  [1m[36mActiveRecord::InternalMetadata Create (2.3ms)[0m  [1m[32mINSERT INTO "ar_internal_metadata" ("key", "value", "created_at", "updated_at") VALUES ($1, $2, $3, $4) RETURNING "key"[0m  [["key", "environment"], ["value", "development"], ["created_at", "2018-04-30 20:53:43.709511"], ["updated_at", "2018-04-30 20:53:43.709511"]]
  ↳ bin/rails:9
  [1m[35m (1.8ms)[0m  [1m[35mCOMMIT[0m
  ↳ bin/rails:9
  [1m[35m (1.3ms)[0m  [1m[34mSELECT pg_advisory_unlock(644979486115720875)[0m
  ↳ bin/rails:9
  [1m[35m (1.0ms)[0m  [1m[34mSELECT "schema_migrations"."version" FROM "schema_migrations" ORDER BY "schema_migrations"."version" ASC[0m
  ↳ bin/rails:9
  [1m[35m (1.5ms)[0m  [1m[34mSELECT pg_try_advisory_lock(644979486115720875)[0m
  ↳ bin/rails:9
  [1m[35m (3.5ms)[0m  [1m[34mSELECT "schema_migrations"."version" FROM "schema_migrations" ORDER BY "schema_migrations"."version" ASC[0m
  ↳ bin/rails:9
  [1m[36mActiveRecord::InternalMetadata Load (2.2ms)[0m  [1m[34mSELECT  "ar_internal_metadata".* FROM "ar_internal_metadata" WHERE "ar_internal_metadata"."key" = $1 LIMIT $2[0m  [["key", "environment"], ["LIMIT", 1]]
  ↳ bin/rails:9
  [1m[35m (2.0ms)[0m  [1m[35mBEGIN[0m
  ↳ bin/rails:9
  [1m[35m (0.6ms)[0m  [1m[35mCOMMIT[0m
  ↳ bin/rails:9
  [1m[35m (1.0ms)[0m  [1m[34mSELECT pg_advisory_unlock(644979486115720875)[0m
  ↳ bin/rails:9
  [1m[35m (1.1ms)[0m  [1m[34mSELECT "schema_migrations"."version" FROM "schema_migrations" ORDER BY "schema_migrations"."version" ASC[0m
  ↳ bin/rails:9
  [1m[36mMovie Load (2.7ms)[0m  [1m[34mSELECT  "movies".* FROM "movies" LIMIT $1[0m  [["LIMIT", 11]]
  [1m[35m (0.7ms)[0m  [1m[35mBEGIN[0m
  [1m[36mMovie Create (2.2ms)[0m  [1m[32mINSERT INTO "movies" ("title", "release_year", "director", "created_at", "updated_at") VALUES ($1, $2, $3, $4, $5) RETURNING "id"[0m  [["title", "a"], ["release_year", 2018], ["director", "aa"], ["created_at", "2018-04-30 21:15:33.406211"], ["updated_at", "2018-04-30 21:15:33.406211"]]
  [1m[35m (26.2ms)[0m  [1m[35mCOMMIT[0m
  [1m[36mMovie Load (1.6ms)[0m  [1m[34mSELECT  "movies".* FROM "movies" LIMIT $1[0m  [["LIMIT", 11]]
  [1m[35m (3.1ms)[0m  [1m[34mSELECT "schema_migrations"."version" FROM "schema_migrations" ORDER BY "schema_migrations"."version" ASC[0m
  ↳ bin/rails:9
  [1m[35m (0.9ms)[0m  [1m[35mBEGIN[0m
  ↳ db/seeds.rb:8
  [1m[36mMovie Create (2.4ms)[0m  [1m[32mINSERT INTO "movies" ("title", "release_year", "director", "created_at", "updated_at") VALUES ($1, $2, $3, $4, $5) RETURNING "id"[0m  [["title", "b"], ["release_year", 2018], ["director", "bb"], ["created_at", "2018-04-30 21:17:05.157730"], ["updated_at", "2018-04-30 21:17:05.157730"]]
  ↳ db/seeds.rb:8
  [1m[35m (28.8ms)[0m  [1m[35mCOMMIT[0m
  ↳ db/seeds.rb:8
  [1m[36mMovie Load (2.0ms)[0m  [1m[34mSELECT  "movies".* FROM "movies" LIMIT $1[0m  [["LIMIT", 11]]
  [1m[35m (3.3ms)[0m  [1m[34mSELECT "schema_migrations"."version" FROM "schema_migrations" ORDER BY "schema_migrations"."version" ASC[0m
  ↳ bin/rails:9
  [1m[35m (3.7ms)[0m  [1m[34mSELECT "schema_migrations"."version" FROM "schema_migrations" ORDER BY "schema_migrations"."version" ASC[0m
  ↳ bin/rails:9
  [1m[35m (2.7ms)[0m  [1m[34mSELECT "schema_migrations"."version" FROM "schema_migrations" ORDER BY "schema_migrations"."version" ASC[0m
  ↳ bin/rails:9
  [1m[36mMovie Load (1.7ms)[0m  [1m[34mSELECT  "movies".* FROM "movies" LIMIT $1[0m  [["LIMIT", 11]]
  [1m[36mMovie Load (1.6ms)[0m  [1m[34mSELECT  "movies".* FROM "movies" LIMIT $1[0m  [["LIMIT", 11]]
  [1m[35m (3.5ms)[0m  [1m[34mSELECT "schema_migrations"."version" FROM "schema_migrations" ORDER BY "schema_migrations"."version" ASC[0m
  ↳ bin/rails:9
  [1m[35m (1.7ms)[0m  [1m[34mSELECT pg_try_advisory_lock(644979486115720875)[0m
  ↳ bin/rails:9
  [1m[35m (3.6ms)[0m  [1m[34mSELECT "schema_migrations"."version" FROM "schema_migrations" ORDER BY "schema_migrations"."version" ASC[0m
  ↳ bin/rails:9
  [1m[36mActiveRecord::InternalMetadata Load (2.9ms)[0m  [1m[34mSELECT  "ar_internal_metadata".* FROM "ar_internal_metadata" WHERE "ar_internal_metadata"."key" = $1 LIMIT $2[0m  [["key", "environment"], ["LIMIT", 1]]
  ↳ bin/rails:9
  [1m[35m (1.6ms)[0m  [1m[35mBEGIN[0m
  ↳ bin/rails:9
  [1m[35m (1.3ms)[0m  [1m[35mCOMMIT[0m
  ↳ bin/rails:9
  [1m[35m (1.7ms)[0m  [1m[34mSELECT pg_advisory_unlock(644979486115720875)[0m
  ↳ bin/rails:9
  [1m[35m (2.1ms)[0m  [1m[34mSELECT "schema_migrations"."version" FROM "schema_migrations" ORDER BY "schema_migrations"."version" ASC[0m
  ↳ bin/rails:9
  [1m[35m (3.7ms)[0m  [1m[34mSELECT "schema_migrations"."version" FROM "schema_migrations" ORDER BY "schema_migrations"."version" ASC[0m
  ↳ bin/rails:9
  [1m[35m (3.5ms)[0m  [1m[34mSELECT "schema_migrations"."version" FROM "schema_migrations" ORDER BY "schema_migrations"."version" ASC[0m
  ↳ bin/rails:9
  [1m[35m (2.9ms)[0m  [1m[34mSELECT "schema_migrations"."version" FROM "schema_migrations" ORDER BY "schema_migrations"."version" ASC[0m
  ↳ bin/rails:9
  [1m[35m (3.3ms)[0m  [1m[34mSELECT "schema_migrations"."version" FROM "schema_migrations" ORDER BY "schema_migrations"."version" ASC[0m
  ↳ bin/rails:9
  [1m[35m (3.1ms)[0m  [1m[34mSELECT "schema_migrations"."version" FROM "schema_migrations" ORDER BY "schema_migrations"."version" ASC[0m
  ↳ bin/rails:9
  [1m[35m (1.5ms)[0m  [1m[35mBEGIN[0m
  [1m[36mMovie Create (2.0ms)[0m  [1m[32mINSERT INTO "movies" ("title", "release_year", "director", "created_at", "updated_at") VALUES ($1, $2, $3, $4, $5) RETURNING "id"[0m  [["title", "c"], ["release_year", 2017], ["director", "cc"], ["created_at", "2018-04-30 21:42:24.448432"], ["updated_at", "2018-04-30 21:42:24.448432"]]
  [1m[35m (2.9ms)[0m  [1m[35mCOMMIT[0m
  [1m[35m (3.0ms)[0m  [1m[34mSELECT "schema_migrations"."version" FROM "schema_migrations" ORDER BY "schema_migrations"."version" ASC[0m
  ↳ bin/rails:9
  [1m[36mMovie Destroy (20.9ms)[0m  [1m[31mDELETE FROM "movies"[0m
  ↳ db/seeds.rb:8
  [1m[35m (0.9ms)[0m  [1m[35mBEGIN[0m
  ↳ db/seeds.rb:9
  [1m[36mMovie Create (1.9ms)[0m  [1m[32mINSERT INTO "movies" ("title", "release_year", "director", "created_at", "updated_at") VALUES ($1, $2, $3, $4, $5) RETURNING "id"[0m  [["title", "c"], ["release_year", 2017], ["director", "cc"], ["created_at", "2018-04-30 21:44:20.167777"], ["updated_at", "2018-04-30 21:44:20.167777"]]
  ↳ db/seeds.rb:9
  [1m[35m (25.7ms)[0m  [1m[35mCOMMIT[0m
  ↳ db/seeds.rb:9
  [1m[35m (1.4ms)[0m  [1m[35mBEGIN[0m
  ↳ db/seeds.rb:10
  [1m[36mMovie Create (1.9ms)[0m  [1m[32mINSERT INTO "movies" ("title", "release_year", "director", "created_at", "updated_at") VALUES ($1, $2, $3, $4, $5) RETURNING "id"[0m  [["title", "d"], ["release_year", 2011], ["director", "dd"], ["created_at", "2018-04-30 21:44:20.205340"], ["updated_at", "2018-04-30 21:44:20.205340"]]
  ↳ db/seeds.rb:10
  [1m[35m (2.8ms)[0m  [1m[35mCOMMIT[0m
  ↳ db/seeds.rb:10
  [1m[35m (0.4ms)[0m  [1m[35mBEGIN[0m
  ↳ db/seeds.rb:11
  [1m[36mMovie Create (1.2ms)[0m  [1m[32mINSERT INTO "movies" ("title", "release_year", "director", "created_at", "updated_at") VALUES ($1, $2, $3, $4, $5) RETURNING "id"[0m  [["title", "e"], ["release_year", 2013], ["director", "ee"], ["created_at", "2018-04-30 21:44:20.216408"], ["updated_at", "2018-04-30 21:44:20.216408"]]
  ↳ db/seeds.rb:11
  [1m[35m (1.6ms)[0m  [1m[35mCOMMIT[0m
  ↳ db/seeds.rb:11
  [1m[35m (0.4ms)[0m  [1m[35mBEGIN[0m
  ↳ db/seeds.rb:12
  [1m[36mMovie Create (1.1ms)[0m  [1m[32mINSERT INTO "movies" ("title", "release_year", "director", "created_at", "updated_at") VALUES ($1, $2, $3, $4, $5) RETURNING "id"[0m  [["title", "f"], ["release_year", 2012], ["director", "ff"], ["created_at", "2018-04-30 21:44:20.224601"], ["updated_at", "2018-04-30 21:44:20.224601"]]
  ↳ db/seeds.rb:12
  [1m[35m (1.4ms)[0m  [1m[35mCOMMIT[0m
  ↳ db/seeds.rb:12
  [1m[35m (0.5ms)[0m  [1m[35mBEGIN[0m
  ↳ db/seeds.rb:13
  [1m[36mMovie Create (1.1ms)[0m  [1m[32mINSERT INTO "movies" ("title", "release_year", "director", "created_at", "updated_at") VALUES ($1, $2, $3, $4, $5) RETURNING "id"[0m  [["title", "g"], ["release_year", 2012], ["director", "gg"], ["created_at", "2018-04-30 21:44:20.232407"], ["updated_at", "2018-04-30 21:44:20.232407"]]
  ↳ db/seeds.rb:13
  [1m[35m (1.5ms)[0m  [1m[35mCOMMIT[0m
  ↳ db/seeds.rb:13
  [1m[36mMovie Load (1.5ms)[0m  [1m[34mSELECT  "movies".* FROM "movies" LIMIT $1[0m  [["LIMIT", 11]]
  [1m[36mMovie Destroy (23.8ms)[0m  [1m[31mDELETE FROM "movies"[0m
  [1m[35m (3.4ms)[0m  [1m[34mSELECT "schema_migrations"."version" FROM "schema_migrations" ORDER BY "schema_migrations"."version" ASC[0m
  ↳ bin/rails:9
  [1m[36mMovie Destroy (3.7ms)[0m  [1m[31mDELETE FROM "movies"[0m
  ↳ db/seeds.rb:8
  [1m[35m (1.7ms)[0m  [1m[35mBEGIN[0m
  ↳ db/seeds.rb:9
  [1m[36mMovie Create (2.6ms)[0m  [1m[32mINSERT INTO "movies" ("title", "release_year", "director", "created_at", "updated_at") VALUES ($1, $2, $3, $4, $5) RETURNING "id"[0m  [["title", "c"], ["release_year", 2017], ["director", "cc"], ["created_at", "2018-04-30 21:45:21.073654"], ["updated_at", "2018-04-30 21:45:21.073654"]]
  ↳ db/seeds.rb:9
  [1m[35m (25.8ms)[0m  [1m[35mCOMMIT[0m
  ↳ db/seeds.rb:9
  [1m[35m (1.0ms)[0m  [1m[35mBEGIN[0m
  ↳ db/seeds.rb:10
  [1m[36mMovie Create (1.5ms)[0m  [1m[32mINSERT INTO "movies" ("title", "release_year", "director", "created_at", "updated_at") VALUES ($1, $2, $3, $4, $5) RETURNING "id"[0m  [["title", "d"], ["release_year", 2011], ["director", "dd"], ["created_at", "2018-04-30 21:45:21.110606"], ["updated_at", "2018-04-30 21:45:21.110606"]]
  ↳ db/seeds.rb:10
  [1m[35m (3.5ms)[0m  [1m[35mCOMMIT[0m
  ↳ db/seeds.rb:10
  [1m[35m (0.5ms)[0m  [1m[35mBEGIN[0m
  ↳ db/seeds.rb:11
  [1m[36mMovie Create (1.1ms)[0m  [1m[32mINSERT INTO "movies" ("title", "release_year", "director", "created_at", "updated_at") VALUES ($1, $2, $3, $4, $5) RETURNING "id"[0m  [["title", "e"], ["release_year", 2013], ["director", "ee"], ["created_at", "2018-04-30 21:45:21.123932"], ["updated_at", "2018-04-30 21:45:21.123932"]]
  ↳ db/seeds.rb:11
  [1m[35m (2.1ms)[0m  [1m[35mCOMMIT[0m
  ↳ db/seeds.rb:11
  [1m[35m (0.7ms)[0m  [1m[35mBEGIN[0m
  ↳ db/seeds.rb:12
  [1m[36mMovie Create (1.2ms)[0m  [1m[32mINSERT INTO "movies" ("title", "release_year", "director", "created_at", "updated_at") VALUES ($1, $2, $3, $4, $5) RETURNING "id"[0m  [["title", "f"], ["release_year", 2012], ["director", "ff"], ["created_at", "2018-04-30 21:45:21.132569"], ["updated_at", "2018-04-30 21:45:21.132569"]]
  ↳ db/seeds.rb:12
  [1m[35m (1.7ms)[0m  [1m[35mCOMMIT[0m
  ↳ db/seeds.rb:12
  [1m[35m (0.6ms)[0m  [1m[35mBEGIN[0m
  ↳ db/seeds.rb:13
  [1m[36mMovie Create (1.3ms)[0m  [1m[32mINSERT INTO "movies" ("title", "release_year", "director", "created_at", "updated_at") VALUES ($1, $2, $3, $4, $5) RETURNING "id"[0m  [["title", "g"], ["release_year", 2012], ["director", "gg"], ["created_at", "2018-04-30 21:45:21.141295"], ["updated_at", "2018-04-30 21:45:21.141295"]]
  ↳ db/seeds.rb:13
  [1m[35m (2.2ms)[0m  [1m[35mCOMMIT[0m
  ↳ db/seeds.rb:13
Started GET "/" for 127.0.0.1 at 2018-04-30 23:57:29 +0200
  [1m[35m (3.4ms)[0m  [1m[34mSELECT "schema_migrations"."version" FROM "schema_migrations" ORDER BY "schema_migrations"."version" ASC[0m
  ↳ /home/fenitra/.rbenv/versions/2.5.0/lib/ruby/gems/2.5.0/gems/activerecord-5.2.0/lib/active_record/log_subscriber.rb:98
  
ActiveRecord::PendingMigrationError (

Migrations are pending. To resolve this issue, run:

        bin/rails db:migrate RAILS_ENV=development

):
  
activerecord (5.2.0) lib/active_record/migration.rb:579:in `check_pending!'
activerecord (5.2.0) lib/active_record/migration.rb:556:in `call'
actionpack (5.2.0) lib/action_dispatch/middleware/callbacks.rb:28:in `block in call'
activesupport (5.2.0) lib/active_support/callbacks.rb:98:in `run_callbacks'
actionpack (5.2.0) lib/action_dispatch/middleware/callbacks.rb:26:in `call'
actionpack (5.2.0) lib/action_dispatch/middleware/executor.rb:14:in `call'
actionpack (5.2.0) lib/action_dispatch/middleware/debug_exceptions.rb:61:in `call'
web-console (3.6.2) lib/web_console/middleware.rb:135:in `call_app'
web-console (3.6.2) lib/web_console/middleware.rb:30:in `block in call'
web-console (3.6.2) lib/web_console/middleware.rb:20:in `catch'
web-console (3.6.2) lib/web_console/middleware.rb:20:in `call'
actionpack (5.2.0) lib/action_dispatch/middleware/show_exceptions.rb:33:in `call'
railties (5.2.0) lib/rails/rack/logger.rb:38:in `call_app'
railties (5.2.0) lib/rails/rack/logger.rb:26:in `block in call'
activesupport (5.2.0) lib/active_support/tagged_logging.rb:71:in `block in tagged'
activesupport (5.2.0) lib/active_support/tagged_logging.rb:28:in `tagged'
activesupport (5.2.0) lib/active_support/tagged_logging.rb:71:in `tagged'
railties (5.2.0) lib/rails/rack/logger.rb:26:in `call'
sprockets-rails (3.2.1) lib/sprockets/rails/quiet_assets.rb:13:in `call'
actionpack (5.2.0) lib/action_dispatch/middleware/remote_ip.rb:81:in `call'
actionpack (5.2.0) lib/action_dispatch/middleware/request_id.rb:27:in `call'
rack (2.0.5) lib/rack/method_override.rb:22:in `call'
rack (2.0.5) lib/rack/runtime.rb:22:in `call'
activesupport (5.2.0) lib/active_support/cache/strategy/local_cache_middleware.rb:29:in `call'
actionpack (5.2.0) lib/action_dispatch/middleware/executor.rb:14:in `call'
actionpack (5.2.0) lib/action_dispatch/middleware/static.rb:127:in `call'
rack (2.0.5) lib/rack/sendfile.rb:111:in `call'
railties (5.2.0) lib/rails/engine.rb:524:in `call'
puma (3.11.4) lib/puma/configuration.rb:225:in `call'
puma (3.11.4) lib/puma/server.rb:632:in `handle_request'
puma (3.11.4) lib/puma/server.rb:446:in `process_client'
puma (3.11.4) lib/puma/server.rb:306:in `block in run'
puma (3.11.4) lib/puma/thread_pool.rb:120:in `block in spawn_thread'
  [1m[35m (1.5ms)[0m  [1m[34mSELECT pg_try_advisory_lock(644979486115720875)[0m
  ↳ bin/rails:9
  [1m[35m (3.2ms)[0m  [1m[34mSELECT "schema_migrations"."version" FROM "schema_migrations" ORDER BY "schema_migrations"."version" ASC[0m
  ↳ bin/rails:9
Migrating to Relation (20180430214849)
  [1m[35m (0.8ms)[0m  [1m[35mBEGIN[0m
  ↳ bin/rails:9
  [1m[36mActiveRecord::SchemaMigration Create (1.9ms)[0m  [1m[32mINSERT INTO "schema_migrations" ("version") VALUES ($1) RETURNING "version"[0m  [["version", "20180430214849"]]
  ↳ bin/rails:9
  [1m[35m (2.1ms)[0m  [1m[35mCOMMIT[0m
  ↳ bin/rails:9
  [1m[36mActiveRecord::InternalMetadata Load (1.3ms)[0m  [1m[34mSELECT  "ar_internal_metadata".* FROM "ar_internal_metadata" WHERE "ar_internal_metadata"."key" = $1 LIMIT $2[0m  [["key", "environment"], ["LIMIT", 1]]
  ↳ bin/rails:9
  [1m[35m (0.8ms)[0m  [1m[35mBEGIN[0m
  ↳ bin/rails:9
  [1m[35m (0.7ms)[0m  [1m[35mCOMMIT[0m
  ↳ bin/rails:9
  [1m[35m (1.3ms)[0m  [1m[34mSELECT pg_advisory_unlock(644979486115720875)[0m
  ↳ bin/rails:9
  [1m[35m (1.1ms)[0m  [1m[34mSELECT "schema_migrations"."version" FROM "schema_migrations" ORDER BY "schema_migrations"."version" ASC[0m
  ↳ bin/rails:9
Started GET "/" for 127.0.0.1 at 2018-04-30 23:58:34 +0200
  [1m[35m (5.7ms)[0m  [1m[34mSELECT "schema_migrations"."version" FROM "schema_migrations" ORDER BY "schema_migrations"."version" ASC[0m
  ↳ /home/fenitra/.rbenv/versions/2.5.0/lib/ruby/gems/2.5.0/gems/activerecord-5.2.0/lib/active_record/log_subscriber.rb:98
  
SyntaxError (/home/fenitra/Bureau/fenitra/30_Avril/the-movie-database/app/controllers/welcome_controller.rb:4: syntax error, unexpected end-of-input, expecting keyword_end):
  
app/controllers/welcome_controller.rb:4: syntax error, unexpected end-of-input, expecting keyword_end
Started GET "/" for 127.0.0.1 at 2018-04-30 23:59:04 +0200
  
SyntaxError (/home/fenitra/Bureau/fenitra/30_Avril/the-movie-database/app/controllers/welcome_controller.rb:4: syntax error, unexpected end-of-input, expecting keyword_end):
  
app/controllers/welcome_controller.rb:4: syntax error, unexpected end-of-input, expecting keyword_end
Started GET "/" for 127.0.0.1 at 2018-04-30 23:59:26 +0200
Processing by WelcomeController#index as HTML
  Rendering welcome/index.html.erb within layouts/application
  Rendered welcome/index.html.erb within layouts/application (1.3ms)
Completed 200 OK in 671ms (Views: 665.4ms | ActiveRecord: 0.0ms)


Started GET "/list_film" for 127.0.0.1 at 2018-04-30 23:59:30 +0200
Processing by MoviesController#index as HTML
Completed 500 Internal Server Error in 8ms (ActiveRecord: 0.0ms)


  
NameError (uninitialized constant MoviesController::Movies):
  
app/controllers/movies_controller.rb:3:in `index'
Started GET "/" for 127.0.0.1 at 2018-04-30 23:59:51 +0200
Processing by WelcomeController#index as HTML
  Rendering welcome/index.html.erb within layouts/application
  Rendered welcome/index.html.erb within layouts/application (1.5ms)
Completed 200 OK in 109ms (Views: 103.2ms | ActiveRecord: 0.0ms)


Started GET "/list_film" for 127.0.0.1 at 2018-04-30 23:59:53 +0200
Processing by MoviesController#index as HTML
  Rendering movies/index.html.erb within layouts/application
  [1m[36mMovie Load (2.1ms)[0m  [1m[34mSELECT "movies".* FROM "movies"[0m
  ↳ app/views/movies/index.html.erb:2
  Rendered movies/index.html.erb within layouts/application (72.9ms)
Completed 200 OK in 197ms (Views: 160.5ms | ActiveRecord: 25.8ms)


Started GET "/" for 127.0.0.1 at 2018-05-01 00:16:54 +0200
  [1m[35m (3.8ms)[0m  [1m[34mSELECT "schema_migrations"."version" FROM "schema_migrations" ORDER BY "schema_migrations"."version" ASC[0m
  ↳ /home/fenitra/.rbenv/versions/2.5.0/lib/ruby/gems/2.5.0/gems/activerecord-5.2.0/lib/active_record/log_subscriber.rb:98
Processing by WelcomeController#index as HTML
  Rendering welcome/index.html.erb within layouts/application
  Rendered welcome/index.html.erb within layouts/application (6.7ms)
Completed 200 OK in 781ms (Views: 760.4ms | ActiveRecord: 0.0ms)


Started GET "/liste_film" for 127.0.0.1 at 2018-05-01 00:16:57 +0200
Processing by MoviesController#liste_film as HTML
  Rendering movies/liste_film.html.erb within layouts/application
  [1m[36mMovie Load (2.1ms)[0m  [1m[34mSELECT "movies".* FROM "movies"[0m
  ↳ app/views/movies/liste_film.html.erb:2
  Rendered movies/liste_film.html.erb within layouts/application (52.2ms)
Completed 200 OK in 147ms (Views: 104.8ms | ActiveRecord: 18.8ms)


Started GET "/" for 127.0.0.1 at 2018-05-01 00:29:32 +0200
  [1m[35m (2.3ms)[0m  [1m[34mSELECT "schema_migrations"."version" FROM "schema_migrations" ORDER BY "schema_migrations"."version" ASC[0m
  ↳ /home/fenitra/.rbenv/versions/2.5.0/lib/ruby/gems/2.5.0/gems/activerecord-5.2.0/lib/active_record/log_subscriber.rb:98
Processing by WelcomeController#index as HTML
  Rendering welcome/index.html.erb within layouts/application
  [1m[36mMovie Load (2.1ms)[0m  [1m[34mSELECT "movies".* FROM "movies"[0m
  ↳ app/views/welcome/index.html.erb:3
  Rendered welcome/index.html.erb within layouts/application (45.9ms)
Completed 200 OK in 736ms (Views: 699.0ms | ActiveRecord: 15.8ms)


Started GET "/liste_film" for 127.0.0.1 at 2018-05-01 00:29:36 +0200
Processing by MoviesController#liste_film as HTML
  Rendering movies/liste_film.html.erb within layouts/application
  [1m[36mMovie Load (2.0ms)[0m  [1m[34mSELECT "movies".* FROM "movies"[0m
  ↳ app/views/movies/liste_film.html.erb:2
  Rendered movies/liste_film.html.erb within layouts/application (7.4ms)
Completed 200 OK in 77ms (Views: 71.1ms | ActiveRecord: 2.0ms)


Started GET "/liste_film" for 127.0.0.1 at 2018-05-01 00:29:44 +0200
Processing by MoviesController#liste_film as HTML
  Rendering movies/liste_film.html.erb within layouts/application
  [1m[36mMovie Load (1.2ms)[0m  [1m[34mSELECT "movies".* FROM "movies"[0m
  ↳ app/views/movies/liste_film.html.erb:2
  Rendered movies/liste_film.html.erb within layouts/application (5.7ms)
Completed 200 OK in 82ms (Views: 76.8ms | ActiveRecord: 1.2ms)


  [1m[35m (1.0ms)[0m  [1m[34mSELECT pg_try_advisory_lock(644979486115720875)[0m
  ↳ bin/rails:9
  [1m[35m (6.5ms)[0m  [1m[34mSELECT "schema_migrations"."version" FROM "schema_migrations" ORDER BY "schema_migrations"."version" ASC[0m
  ↳ bin/rails:9
Migrating to CreateDirectors (20180501025153)
  [1m[35m (1.2ms)[0m  [1m[35mBEGIN[0m
  ↳ bin/rails:9
  [1m[35m (72.0ms)[0m  [1m[35mCREATE TABLE "directors" ("id" bigserial primary key, "first_name" character varying, "last_name" character varying, "created_at" timestamp NOT NULL, "updated_at" timestamp NOT NULL)[0m
  ↳ db/migrate/20180501025153_create_directors.rb:3
  [1m[36mActiveRecord::SchemaMigration Create (1.3ms)[0m  [1m[32mINSERT INTO "schema_migrations" ("version") VALUES ($1) RETURNING "version"[0m  [["version", "20180501025153"]]
  ↳ bin/rails:9
  [1m[35m (3.4ms)[0m  [1m[35mCOMMIT[0m
  ↳ bin/rails:9
  [1m[36mActiveRecord::InternalMetadata Load (3.9ms)[0m  [1m[34mSELECT  "ar_internal_metadata".* FROM "ar_internal_metadata" WHERE "ar_internal_metadata"."key" = $1 LIMIT $2[0m  [["key", "environment"], ["LIMIT", 1]]
  ↳ bin/rails:9
  [1m[35m (0.4ms)[0m  [1m[35mBEGIN[0m
  ↳ bin/rails:9
  [1m[35m (0.5ms)[0m  [1m[35mCOMMIT[0m
  ↳ bin/rails:9
  [1m[35m (1.9ms)[0m  [1m[34mSELECT pg_advisory_unlock(644979486115720875)[0m
  ↳ bin/rails:9
  [1m[35m (1.2ms)[0m  [1m[34mSELECT "schema_migrations"."version" FROM "schema_migrations" ORDER BY "schema_migrations"."version" ASC[0m
  ↳ bin/rails:9
  [1m[36mMovie Load (26.8ms)[0m  [1m[34mSELECT  "movies".* FROM "movies" LIMIT $1[0m  [["LIMIT", 11]]
  [1m[36mMovie Load (1.3ms)[0m  [1m[34mSELECT  "movies".* FROM "movies" ORDER BY "movies"."id" ASC LIMIT $1[0m  [["LIMIT", 1]]
  [1m[35m (1.0ms)[0m  [1m[34mSELECT pg_try_advisory_lock(644979486115720875)[0m
  ↳ bin/rails:9
  [1m[35m (5.6ms)[0m  [1m[34mSELECT "schema_migrations"."version" FROM "schema_migrations" ORDER BY "schema_migrations"."version" ASC[0m
  ↳ bin/rails:9
Migrating to DeleteColMovies (20180501133342)
  [1m[35m (0.7ms)[0m  [1m[35mBEGIN[0m
  ↳ bin/rails:9
  [1m[35m (12.8ms)[0m  [1m[35mALTER TABLE "movies" DROP COLUMN "director"[0m
  ↳ db/migrate/20180501133342_delete_col_movies.rb:3
  [1m[36mActiveRecord::SchemaMigration Create (1.2ms)[0m  [1m[32mINSERT INTO "schema_migrations" ("version") VALUES ($1) RETURNING "version"[0m  [["version", "20180501133342"]]
  ↳ bin/rails:9
  [1m[35m (3.9ms)[0m  [1m[35mCOMMIT[0m
  ↳ bin/rails:9
  [1m[36mActiveRecord::InternalMetadata Load (4.0ms)[0m  [1m[34mSELECT  "ar_internal_metadata".* FROM "ar_internal_metadata" WHERE "ar_internal_metadata"."key" = $1 LIMIT $2[0m  [["key", "environment"], ["LIMIT", 1]]
  ↳ bin/rails:9
  [1m[35m (0.6ms)[0m  [1m[35mBEGIN[0m
  ↳ bin/rails:9
  [1m[35m (0.6ms)[0m  [1m[35mCOMMIT[0m
  ↳ bin/rails:9
  [1m[35m (1.0ms)[0m  [1m[34mSELECT pg_advisory_unlock(644979486115720875)[0m
  ↳ bin/rails:9
  [1m[35m (2.6ms)[0m  [1m[34mSELECT "schema_migrations"."version" FROM "schema_migrations" ORDER BY "schema_migrations"."version" ASC[0m
  ↳ bin/rails:9
  [1m[36mMovie Load (23.4ms)[0m  [1m[34mSELECT  "movies".* FROM "movies" LIMIT $1[0m  [["LIMIT", 11]]
  [1m[35m (1.4ms)[0m  [1m[34mSELECT pg_try_advisory_lock(644979486115720875)[0m
  ↳ bin/rails:9
  [1m[35m (3.5ms)[0m  [1m[34mSELECT "schema_migrations"."version" FROM "schema_migrations" ORDER BY "schema_migrations"."version" ASC[0m
  ↳ bin/rails:9
  [1m[36mActiveRecord::InternalMetadata Load (1.8ms)[0m  [1m[34mSELECT  "ar_internal_metadata".* FROM "ar_internal_metadata" WHERE "ar_internal_metadata"."key" = $1 LIMIT $2[0m  [["key", "environment"], ["LIMIT", 1]]
  ↳ bin/rails:9
  [1m[35m (0.5ms)[0m  [1m[35mBEGIN[0m
  ↳ bin/rails:9
  [1m[35m (0.8ms)[0m  [1m[35mCOMMIT[0m
  ↳ bin/rails:9
  [1m[35m (1.1ms)[0m  [1m[34mSELECT pg_advisory_unlock(644979486115720875)[0m
  ↳ bin/rails:9
  [1m[35m (1.1ms)[0m  [1m[34mSELECT "schema_migrations"."version" FROM "schema_migrations" ORDER BY "schema_migrations"."version" ASC[0m
  ↳ bin/rails:9
  [1m[35m (1.5ms)[0m  [1m[34mSELECT pg_try_advisory_lock(644979486115720875)[0m
  ↳ bin/rails:9
  [1m[35m (3.5ms)[0m  [1m[34mSELECT "schema_migrations"."version" FROM "schema_migrations" ORDER BY "schema_migrations"."version" ASC[0m
  ↳ bin/rails:9
  [1m[36mActiveRecord::InternalMetadata Load (2.4ms)[0m  [1m[34mSELECT  "ar_internal_metadata".* FROM "ar_internal_metadata" WHERE "ar_internal_metadata"."key" = $1 LIMIT $2[0m  [["key", "environment"], ["LIMIT", 1]]
  ↳ bin/rails:9
  [1m[35m (1.1ms)[0m  [1m[35mBEGIN[0m
  ↳ bin/rails:9
  [1m[35m (0.9ms)[0m  [1m[35mCOMMIT[0m
  ↳ bin/rails:9
  [1m[35m (1.1ms)[0m  [1m[34mSELECT pg_advisory_unlock(644979486115720875)[0m
  ↳ bin/rails:9
  [1m[35m (1.2ms)[0m  [1m[34mSELECT "schema_migrations"."version" FROM "schema_migrations" ORDER BY "schema_migrations"."version" ASC[0m
  ↳ bin/rails:9
  [1m[36mDirector Load (24.6ms)[0m  [1m[34mSELECT  "directors".* FROM "directors" LIMIT $1[0m  [["LIMIT", 11]]
  [1m[35m (1.2ms)[0m  [1m[35mBEGIN[0m
  [1m[36mDirector Create (23.8ms)[0m  [1m[32mINSERT INTO "directors" ("first_name", "last_name", "created_at", "updated_at") VALUES ($1, $2, $3, $4) RETURNING "id"[0m  [["first_name", "lova"], ["last_name", "bakaka"], ["created_at", "2018-05-01 14:13:30.741362"], ["updated_at", "2018-05-01 14:13:30.741362"]]
  [1m[35m (2.1ms)[0m  [1m[35mCOMMIT[0m
  [1m[36mDirector Load (2.0ms)[0m  [1m[34mSELECT  "directors".* FROM "directors" LIMIT $1[0m  [["LIMIT", 11]]
  [1m[36mMovie Load (2.1ms)[0m  [1m[34mSELECT  "movies".* FROM "movies" ORDER BY "movies"."id" ASC LIMIT $1[0m  [["LIMIT", 1]]
  [1m[36mDirector Load (1.3ms)[0m  [1m[34mSELECT  "directors".* FROM "directors" ORDER BY "directors"."id" ASC LIMIT $1[0m  [["LIMIT", 1]]
  [1m[35m (1.2ms)[0m  [1m[34mSELECT pg_try_advisory_lock(644979486115720875)[0m
  ↳ bin/rails:9
  [1m[35m (2.9ms)[0m  [1m[34mSELECT "schema_migrations"."version" FROM "schema_migrations" ORDER BY "schema_migrations"."version" ASC[0m
  ↳ bin/rails:9
Migrating to RelationMoviesDirector (20180501140936)
  [1m[35m (0.6ms)[0m  [1m[35mBEGIN[0m
  ↳ bin/rails:9
  [1m[36mActiveRecord::SchemaMigration Create (2.2ms)[0m  [1m[32mINSERT INTO "schema_migrations" ("version") VALUES ($1) RETURNING "version"[0m  [["version", "20180501140936"]]
  ↳ bin/rails:9
  [1m[35m (28.5ms)[0m  [1m[35mCOMMIT[0m
  ↳ bin/rails:9
  [1m[36mActiveRecord::InternalMetadata Load (2.7ms)[0m  [1m[34mSELECT  "ar_internal_metadata".* FROM "ar_internal_metadata" WHERE "ar_internal_metadata"."key" = $1 LIMIT $2[0m  [["key", "environment"], ["LIMIT", 1]]
  ↳ bin/rails:9
  [1m[35m (0.5ms)[0m  [1m[35mBEGIN[0m
  ↳ bin/rails:9
  [1m[35m (0.6ms)[0m  [1m[35mCOMMIT[0m
  ↳ bin/rails:9
  [1m[35m (1.0ms)[0m  [1m[34mSELECT pg_advisory_unlock(644979486115720875)[0m
  ↳ bin/rails:9
  [1m[35m (1.9ms)[0m  [1m[34mSELECT "schema_migrations"."version" FROM "schema_migrations" ORDER BY "schema_migrations"."version" ASC[0m
  ↳ bin/rails:9
  [1m[36mDirector Load (1.6ms)[0m  [1m[34mSELECT  "directors".* FROM "directors" ORDER BY "directors"."id" ASC LIMIT $1[0m  [["LIMIT", 1]]
  [1m[36mMovie Load (1.7ms)[0m  [1m[34mSELECT  "movies".* FROM "movies" ORDER BY "movies"."id" ASC LIMIT $1[0m  [["LIMIT", 1]]
  [1m[36mMovie Load (0.8ms)[0m  [1m[34mSELECT  "movies".* FROM "movies" LIMIT $1[0m  [["LIMIT", 11]]
  [1m[36mDirector Load (2.1ms)[0m  [1m[34mSELECT  "directors".* FROM "directors" ORDER BY "directors"."id" ASC LIMIT $1[0m  [["LIMIT", 1]]
  [1m[36mMovie Load (1.5ms)[0m  [1m[34mSELECT  "movies".* FROM "movies" ORDER BY "movies"."id" ASC LIMIT $1[0m  [["LIMIT", 1]]
  [1m[36mMovie Load (1.1ms)[0m  [1m[34mSELECT  "movies".* FROM "movies" ORDER BY "movies"."id" ASC LIMIT $1[0m  [["LIMIT", 1]]
  [1m[35m (1.9ms)[0m  [1m[34mSELECT pg_try_advisory_lock(644979486115720875)[0m
  ↳ bin/rails:9
  [1m[35m (3.5ms)[0m  [1m[34mSELECT "schema_migrations"."version" FROM "schema_migrations" ORDER BY "schema_migrations"."version" ASC[0m
  ↳ bin/rails:9
  [1m[36mActiveRecord::InternalMetadata Load (2.0ms)[0m  [1m[34mSELECT  "ar_internal_metadata".* FROM "ar_internal_metadata" WHERE "ar_internal_metadata"."key" = $1 LIMIT $2[0m  [["key", "environment"], ["LIMIT", 1]]
  ↳ bin/rails:9
  [1m[35m (1.3ms)[0m  [1m[35mBEGIN[0m
  ↳ bin/rails:9
  [1m[35m (1.6ms)[0m  [1m[35mCOMMIT[0m
  ↳ bin/rails:9
  [1m[35m (1.4ms)[0m  [1m[34mSELECT pg_advisory_unlock(644979486115720875)[0m
  ↳ bin/rails:9
  [1m[35m (3.9ms)[0m  [1m[34mSELECT "schema_migrations"."version" FROM "schema_migrations" ORDER BY "schema_migrations"."version" ASC[0m
  ↳ bin/rails:9
  [1m[35m (1.1ms)[0m  [1m[34mSELECT pg_try_advisory_lock(644979486115720875)[0m
  ↳ bin/rails:9
  [1m[35m (3.5ms)[0m  [1m[34mSELECT "schema_migrations"."version" FROM "schema_migrations" ORDER BY "schema_migrations"."version" ASC[0m
  ↳ bin/rails:9
  [1m[36mActiveRecord::InternalMetadata Load (2.6ms)[0m  [1m[34mSELECT  "ar_internal_metadata".* FROM "ar_internal_metadata" WHERE "ar_internal_metadata"."key" = $1 LIMIT $2[0m  [["key", "environment"], ["LIMIT", 1]]
  ↳ bin/rails:9
  [1m[35m (1.4ms)[0m  [1m[35mBEGIN[0m
  ↳ bin/rails:9
  [1m[35m (1.1ms)[0m  [1m[35mCOMMIT[0m
  ↳ bin/rails:9
  [1m[35m (1.7ms)[0m  [1m[34mSELECT pg_advisory_unlock(644979486115720875)[0m
  ↳ bin/rails:9
  [1m[35m (1.9ms)[0m  [1m[34mSELECT "schema_migrations"."version" FROM "schema_migrations" ORDER BY "schema_migrations"."version" ASC[0m
  ↳ bin/rails:9
  [1m[36mMovie Load (1.8ms)[0m  [1m[34mSELECT  "movies".* FROM "movies" LIMIT $1[0m  [["LIMIT", 11]]
  [1m[36mDirector Load (1.2ms)[0m  [1m[34mSELECT  "directors".* FROM "directors" LIMIT $1[0m  [["LIMIT", 11]]
  [1m[35m (1.9ms)[0m  [1m[34mSELECT pg_try_advisory_lock(644979486115720875)[0m
  ↳ bin/rails:9
  [1m[35m (4.5ms)[0m  [1m[34mSELECT "schema_migrations"."version" FROM "schema_migrations" ORDER BY "schema_migrations"."version" ASC[0m
  ↳ bin/rails:9
Migrating to RelDirMov (20180501144025)
  [1m[35m (1.0ms)[0m  [1m[35mBEGIN[0m
  ↳ bin/rails:9
  [1m[35m (27.5ms)[0m  [1m[35mALTER TABLE "movies" ADD "director_id" bigint[0m
  ↳ db/migrate/20180501144025_rel_dir_mov.rb:3
  [1m[35m (13.5ms)[0m  [1m[35mCREATE  INDEX  "index_movies_on_director_id" ON "movies"  ("director_id")[0m
  ↳ db/migrate/20180501144025_rel_dir_mov.rb:3
  [1m[35m (15.8ms)[0m  [1m[35mALTER TABLE "movies" ADD CONSTRAINT "fk_rails_69fe0cadf9"
FOREIGN KEY ("director_id")
  REFERENCES "directors" ("id")
[0m
  ↳ db/migrate/20180501144025_rel_dir_mov.rb:3
  [1m[36mActiveRecord::SchemaMigration Create (1.2ms)[0m  [1m[32mINSERT INTO "schema_migrations" ("version") VALUES ($1) RETURNING "version"[0m  [["version", "20180501144025"]]
  ↳ bin/rails:9
  [1m[35m (2.7ms)[0m  [1m[35mCOMMIT[0m
  ↳ bin/rails:9
  [1m[36mActiveRecord::InternalMetadata Load (1.5ms)[0m  [1m[34mSELECT  "ar_internal_metadata".* FROM "ar_internal_metadata" WHERE "ar_internal_metadata"."key" = $1 LIMIT $2[0m  [["key", "environment"], ["LIMIT", 1]]
  ↳ bin/rails:9
  [1m[35m (1.1ms)[0m  [1m[35mBEGIN[0m
  ↳ bin/rails:9
  [1m[35m (0.5ms)[0m  [1m[35mCOMMIT[0m
  ↳ bin/rails:9
  [1m[35m (1.6ms)[0m  [1m[34mSELECT pg_advisory_unlock(644979486115720875)[0m
  ↳ bin/rails:9
  [1m[35m (1.4ms)[0m  [1m[34mSELECT "schema_migrations"."version" FROM "schema_migrations" ORDER BY "schema_migrations"."version" ASC[0m
  ↳ bin/rails:9
  [1m[36mMovie Load (4.0ms)[0m  [1m[34mSELECT  "movies".* FROM "movies" LIMIT $1[0m  [["LIMIT", 11]]
  [1m[36mMovie Load (1.7ms)[0m  [1m[34mSELECT  "movies".* FROM "movies" ORDER BY "movies"."id" ASC LIMIT $1[0m  [["LIMIT", 1]]
  [1m[36mDirector Load (1.3ms)[0m  [1m[34mSELECT  "directors".* FROM "directors" ORDER BY "directors"."id" ASC LIMIT $1[0m  [["LIMIT", 1]]
  [1m[36mMovie Load (1.5ms)[0m  [1m[34mSELECT  "movies".* FROM "movies" LIMIT $1[0m  [["LIMIT", 11]]
  [1m[35m (0.5ms)[0m  [1m[35mBEGIN[0m
  [1m[36mMovie Update (2.5ms)[0m  [1m[33mUPDATE "movies" SET "updated_at" = $1, "director_id" = $2 WHERE "movies"."id" = $3[0m  [["updated_at", "2018-05-01 14:46:30.333419"], ["director_id", 1], ["id", 9]]
  [1m[35m (26.4ms)[0m  [1m[35mCOMMIT[0m
  [1m[36mMovie Load (1.8ms)[0m  [1m[34mSELECT  "movies".* FROM "movies" LIMIT $1[0m  [["LIMIT", 11]]
  [1m[36mMovie Load (2.0ms)[0m  [1m[34mSELECT  "movies".* FROM "movies" ORDER BY "movies"."id" ASC LIMIT $1[0m  [["LIMIT", 1]]
  [1m[36mMovie Load (1.6ms)[0m  [1m[34mSELECT  "movies".* FROM "movies" ORDER BY "movies"."id" DESC LIMIT $1[0m  [["LIMIT", 1]]
  [1m[36mMovie Load (2.4ms)[0m  [1m[34mSELECT  "movies".* FROM "movies" ORDER BY "movies"."id" DESC LIMIT $1[0m  [["LIMIT", 1]]
  [1m[35m (1.3ms)[0m  [1m[35mBEGIN[0m
  [1m[36mDirector Load (1.4ms)[0m  [1m[34mSELECT  "directors".* FROM "directors" WHERE "directors"."id" = $1 LIMIT $2[0m  [["id", 2], ["LIMIT", 1]]
  [1m[35m (1.9ms)[0m  [1m[31mROLLBACK[0m
Started GET "/" for 127.0.0.1 at 2018-05-01 17:08:31 +0200
  [1m[35m (3.2ms)[0m  [1m[34mSELECT "schema_migrations"."version" FROM "schema_migrations" ORDER BY "schema_migrations"."version" ASC[0m
  ↳ /home/fenitra/.rbenv/versions/2.5.0/lib/ruby/gems/2.5.0/gems/activerecord-5.2.0/lib/active_record/log_subscriber.rb:98
Processing by WelcomeController#index as HTML
  Rendering welcome/index.html.erb within layouts/application
  Rendered welcome/index.html.erb within layouts/application (3.0ms)
Completed 200 OK in 774ms (Views: 755.9ms | ActiveRecord: 0.0ms)


Started GET "/liste_film" for 127.0.0.1 at 2018-05-01 17:08:36 +0200
Processing by MoviesController#liste_film as HTML
  Rendering movies/liste_film.html.erb within layouts/application
  [1m[36mMovie Load (2.5ms)[0m  [1m[34mSELECT "movies".* FROM "movies"[0m
  ↳ app/views/movies/liste_film.html.erb:2
  [1m[36mDirector Load (1.6ms)[0m  [1m[34mSELECT  "directors".* FROM "directors" WHERE "directors"."id" = $1 LIMIT $2[0m  [["id", 1], ["LIMIT", 1]]
  ↳ app/views/movies/liste_film.html.erb:3
  Rendered movies/liste_film.html.erb within layouts/application (104.4ms)
Completed 200 OK in 183ms (Views: 137.7ms | ActiveRecord: 30.4ms)


Started GET "/" for 127.0.0.1 at 2018-05-01 17:09:29 +0200
Processing by WelcomeController#index as HTML
  Rendering welcome/index.html.erb within layouts/application
  Rendered welcome/index.html.erb within layouts/application (1.4ms)
Completed 200 OK in 113ms (Views: 109.3ms | ActiveRecord: 0.0ms)


Started GET "/liste_film" for 127.0.0.1 at 2018-05-01 17:09:40 +0200
Processing by MoviesController#liste_film as HTML
  Rendering movies/liste_film.html.erb within layouts/application
  [1m[36mMovie Load (1.0ms)[0m  [1m[34mSELECT "movies".* FROM "movies"[0m
  ↳ app/views/movies/liste_film.html.erb:2
  [1m[36mDirector Load (1.0ms)[0m  [1m[34mSELECT  "directors".* FROM "directors" WHERE "directors"."id" = $1 LIMIT $2[0m  [["id", 1], ["LIMIT", 1]]
  ↳ app/views/movies/liste_film.html.erb:3
  Rendered movies/liste_film.html.erb within layouts/application (11.5ms)
Completed 200 OK in 91ms (Views: 85.2ms | ActiveRecord: 2.0ms)


Started GET "/" for 127.0.0.1 at 2018-05-01 17:10:36 +0200
Processing by WelcomeController#index as HTML
  Rendering welcome/index.html.erb within layouts/application
  Rendered welcome/index.html.erb within layouts/application (1.6ms)
Completed 200 OK in 72ms (Views: 68.4ms | ActiveRecord: 0.0ms)


Started GET "/liste_film" for 127.0.0.1 at 2018-05-01 17:10:37 +0200
Processing by MoviesController#liste_film as HTML
  Rendering movies/liste_film.html.erb within layouts/application
  [1m[36mMovie Load (2.3ms)[0m  [1m[34mSELECT "movies".* FROM "movies"[0m
  ↳ app/views/movies/liste_film.html.erb:2
  [1m[36mDirector Load (1.5ms)[0m  [1m[34mSELECT  "directors".* FROM "directors" WHERE "directors"."id" = $1 LIMIT $2[0m  [["id", 1], ["LIMIT", 1]]
  ↳ app/views/movies/liste_film.html.erb:3
  Rendered movies/liste_film.html.erb within layouts/application (16.2ms)
Completed 200 OK in 91ms (Views: 82.5ms | ActiveRecord: 5.1ms)


  [1m[35m (2.5ms)[0m  [1m[34mSELECT "schema_migrations"."version" FROM "schema_migrations" ORDER BY "schema_migrations"."version" ASC[0m
  ↳ bin/rails:9
  [1m[36mMovie Destroy (2.5ms)[0m  [1m[31mDELETE FROM "movies"[0m
  ↳ db/seeds.rb:9
  [1m[36mDirector Load (3.3ms)[0m  [1m[34mSELECT "directors".* FROM "directors"[0m
  [1m[35m (0.6ms)[0m  [1m[35mBEGIN[0m
  [1m[36mDirector Destroy (3.3ms)[0m  [1m[31mDELETE FROM "directors" WHERE "directors"."id" = $1[0m  [["id", 1]]
  [1m[35m (26.0ms)[0m  [1m[35mCOMMIT[0m
  [1m[36mDirector Load (1.5ms)[0m  [1m[34mSELECT  "directors".* FROM "directors" LIMIT $1[0m  [["LIMIT", 11]]
  [1m[35m (3.2ms)[0m  [1m[34mSELECT "schema_migrations"."version" FROM "schema_migrations" ORDER BY "schema_migrations"."version" ASC[0m
  ↳ bin/rails:9
  [1m[36mMovie Destroy (3.1ms)[0m  [1m[31mDELETE FROM "movies"[0m
  ↳ db/seeds.rb:9
  [1m[35m (3.4ms)[0m  [1m[34mSELECT "schema_migrations"."version" FROM "schema_migrations" ORDER BY "schema_migrations"."version" ASC[0m
  ↳ bin/rails:9
  [1m[36mMovie Destroy (3.0ms)[0m  [1m[31mDELETE FROM "movies"[0m
  ↳ db/seeds.rb:9
  [1m[36mDirector Load (2.2ms)[0m  [1m[34mSELECT "directors".* FROM "directors"[0m
  ↳ db/seeds.rb:10
  [1m[35m (1.4ms)[0m  [1m[35mBEGIN[0m
  ↳ db/seeds.rb:12
  [1m[36mDirector Create (2.5ms)[0m  [1m[32mINSERT INTO "directors" ("first_name", "last_name", "created_at", "updated_at") VALUES ($1, $2, $3, $4) RETURNING "id"[0m  [["first_name", "Matieu"], ["last_name", "apotre"], ["created_at", "2018-05-01 15:41:24.077424"], ["updated_at", "2018-05-01 15:41:24.077424"]]
  ↳ db/seeds.rb:12
  [1m[35m (4.8ms)[0m  [1m[35mCOMMIT[0m
  ↳ db/seeds.rb:12
  [1m[35m (0.5ms)[0m  [1m[35mBEGIN[0m
  ↳ db/seeds.rb:13
  [1m[36mDirector Create (2.8ms)[0m  [1m[32mINSERT INTO "directors" ("first_name", "last_name", "created_at", "updated_at") VALUES ($1, $2, $3, $4) RETURNING "id"[0m  [["first_name", "Marc"], ["last_name", "apotre"], ["created_at", "2018-05-01 15:41:24.091247"], ["updated_at", "2018-05-01 15:41:24.091247"]]
  ↳ db/seeds.rb:13
  [1m[35m (2.1ms)[0m  [1m[35mCOMMIT[0m
  ↳ db/seeds.rb:13
  [1m[35m (0.7ms)[0m  [1m[35mBEGIN[0m
  ↳ db/seeds.rb:14
  [1m[36mDirector Create (2.8ms)[0m  [1m[32mINSERT INTO "directors" ("first_name", "last_name", "created_at", "updated_at") VALUES ($1, $2, $3, $4) RETURNING "id"[0m  [["first_name", "Luc"], ["last_name", "apotre"], ["created_at", "2018-05-01 15:41:24.104227"], ["updated_at", "2018-05-01 15:41:24.104227"]]
  ↳ db/seeds.rb:14
  [1m[35m (4.2ms)[0m  [1m[35mCOMMIT[0m
  ↳ db/seeds.rb:14
  [1m[35m (1.8ms)[0m  [1m[35mBEGIN[0m
  ↳ db/seeds.rb:16
  [1m[36mDirector Load (2.1ms)[0m  [1m[34mSELECT  "directors".* FROM "directors" WHERE "directors"."id" = $1 LIMIT $2[0m  [["id", 1], ["LIMIT", 1]]
  ↳ db/seeds.rb:16
  [1m[35m (1.4ms)[0m  [1m[31mROLLBACK[0m
  ↳ db/seeds.rb:16
  [1m[35m (1.3ms)[0m  [1m[35mBEGIN[0m
  ↳ db/seeds.rb:17
  [1m[36mDirector Load (1.5ms)[0m  [1m[34mSELECT  "directors".* FROM "directors" WHERE "directors"."id" = $1 LIMIT $2[0m  [["id", 2], ["LIMIT", 1]]
  ↳ db/seeds.rb:17
  [1m[36mMovie Create (5.7ms)[0m  [1m[32mINSERT INTO "movies" ("title", "release_year", "created_at", "updated_at", "director_id") VALUES ($1, $2, $3, $4, $5) RETURNING "id"[0m  [["title", "d"], ["release_year", 2011], ["created_at", "2018-05-01 15:41:24.199504"], ["updated_at", "2018-05-01 15:41:24.199504"], ["director_id", 2]]
  ↳ db/seeds.rb:17
  [1m[35m (2.1ms)[0m  [1m[35mCOMMIT[0m
  ↳ db/seeds.rb:17
  [1m[35m (1.0ms)[0m  [1m[35mBEGIN[0m
  ↳ db/seeds.rb:18
  [1m[36mDirector Load (2.1ms)[0m  [1m[34mSELECT  "directors".* FROM "directors" WHERE "directors"."id" = $1 LIMIT $2[0m  [["id", 2], ["LIMIT", 1]]
  ↳ db/seeds.rb:18
  [1m[36mMovie Create (1.8ms)[0m  [1m[32mINSERT INTO "movies" ("title", "release_year", "created_at", "updated_at", "director_id") VALUES ($1, $2, $3, $4, $5) RETURNING "id"[0m  [["title", "e"], ["release_year", 2013], ["created_at", "2018-05-01 15:41:24.220026"], ["updated_at", "2018-05-01 15:41:24.220026"], ["director_id", 2]]
  ↳ db/seeds.rb:18
  [1m[35m (2.2ms)[0m  [1m[35mCOMMIT[0m
  ↳ db/seeds.rb:18
  [1m[35m (0.9ms)[0m  [1m[35mBEGIN[0m
  ↳ db/seeds.rb:19
  [1m[36mDirector Load (1.6ms)[0m  [1m[34mSELECT  "directors".* FROM "directors" WHERE "directors"."id" = $1 LIMIT $2[0m  [["id", 3], ["LIMIT", 1]]
  ↳ db/seeds.rb:19
  [1m[36mMovie Create (1.9ms)[0m  [1m[32mINSERT INTO "movies" ("title", "release_year", "created_at", "updated_at", "director_id") VALUES ($1, $2, $3, $4, $5) RETURNING "id"[0m  [["title", "f"], ["release_year", 2012], ["created_at", "2018-05-01 15:41:24.235250"], ["updated_at", "2018-05-01 15:41:24.235250"], ["director_id", 3]]
  ↳ db/seeds.rb:19
  [1m[35m (2.1ms)[0m  [1m[35mCOMMIT[0m
  ↳ db/seeds.rb:19
  [1m[35m (0.8ms)[0m  [1m[35mBEGIN[0m
  ↳ db/seeds.rb:20
  [1m[36mDirector Load (1.3ms)[0m  [1m[34mSELECT  "directors".* FROM "directors" WHERE "directors"."id" = $1 LIMIT $2[0m  [["id", 1], ["LIMIT", 1]]
  ↳ db/seeds.rb:20
  [1m[35m (0.9ms)[0m  [1m[31mROLLBACK[0m
  ↳ db/seeds.rb:20
  [1m[36mDirector Load (2.3ms)[0m  [1m[34mSELECT  "directors".* FROM "directors" LIMIT $1[0m  [["LIMIT", 11]]
  [1m[36mMovie Load (3.0ms)[0m  [1m[34mSELECT  "movies".* FROM "movies" LIMIT $1[0m  [["LIMIT", 11]]
  [1m[36mMovie Load (1.5ms)[0m  [1m[34mSELECT  "movies".* FROM "movies" ORDER BY "movies"."id" ASC LIMIT $1[0m  [["LIMIT", 1]]
  [1m[36mDirector Load (1.1ms)[0m  [1m[34mSELECT  "directors".* FROM "directors" WHERE "directors"."id" = $1 LIMIT $2[0m  [["id", 2], ["LIMIT", 1]]
Started GET "/" for 127.0.0.1 at 2018-05-01 17:46:06 +0200
  [1m[35m (3.3ms)[0m  [1m[34mSELECT "schema_migrations"."version" FROM "schema_migrations" ORDER BY "schema_migrations"."version" ASC[0m
  ↳ /home/fenitra/.rbenv/versions/2.5.0/lib/ruby/gems/2.5.0/gems/activerecord-5.2.0/lib/active_record/log_subscriber.rb:98
Processing by WelcomeController#index as HTML
  Rendering welcome/index.html.erb within layouts/application
  Rendered welcome/index.html.erb within layouts/application (3.2ms)
Completed 200 OK in 594ms (Views: 575.5ms | ActiveRecord: 0.0ms)


Started GET "/liste_film" for 127.0.0.1 at 2018-05-01 17:46:08 +0200
Processing by MoviesController#liste_film as HTML
  Rendering movies/liste_film.html.erb within layouts/application
  [1m[36mMovie Load (2.2ms)[0m  [1m[34mSELECT "movies".* FROM "movies"[0m
  ↳ app/views/movies/liste_film.html.erb:2
  [1m[36mDirector Load (1.6ms)[0m  [1m[34mSELECT  "directors".* FROM "directors" WHERE "directors"."id" = $1 LIMIT $2[0m  [["id", 2], ["LIMIT", 1]]
  ↳ app/views/movies/liste_film.html.erb:3
  [1m[36mCACHE Director Load (0.0ms)[0m  [1m[34mSELECT  "directors".* FROM "directors" WHERE "directors"."id" = $1 LIMIT $2[0m  [["id", 2], ["LIMIT", 1]]
  ↳ app/views/movies/liste_film.html.erb:3
  [1m[36mDirector Load (1.0ms)[0m  [1m[34mSELECT  "directors".* FROM "directors" WHERE "directors"."id" = $1 LIMIT $2[0m  [["id", 3], ["LIMIT", 1]]
  ↳ app/views/movies/liste_film.html.erb:3
  Rendered movies/liste_film.html.erb within layouts/application (113.1ms)
Completed 200 OK in 217ms (Views: 166.2ms | ActiveRecord: 35.3ms)


  [1m[36mMovie Load (2.6ms)[0m  [1m[34mSELECT  "movies".* FROM "movies" LIMIT $1[0m  [["LIMIT", 11]]
  [1m[35m (2.2ms)[0m  [1m[34mSELECT COUNT(*) FROM "movies"[0m
  [1m[35m (3.2ms)[0m  [1m[34mSELECT "schema_migrations"."version" FROM "schema_migrations" ORDER BY "schema_migrations"."version" ASC[0m
  ↳ bin/rails:9
  [1m[36mMovie Load (4.1ms)[0m  [1m[34mSELECT "movies".* FROM "movies"[0m
  ↳ db/seeds.rb:9
  [1m[35m (0.7ms)[0m  [1m[35mBEGIN[0m
  ↳ db/seeds.rb:9
  [1m[36mMovie Destroy (1.9ms)[0m  [1m[31mDELETE FROM "movies" WHERE "movies"."id" = $1[0m  [["id", 14]]
  ↳ db/seeds.rb:9
  [1m[35m (6.0ms)[0m  [1m[35mCOMMIT[0m
  ↳ db/seeds.rb:9
  [1m[35m (0.9ms)[0m  [1m[35mBEGIN[0m
  ↳ db/seeds.rb:9
  [1m[36mMovie Destroy (1.7ms)[0m  [1m[31mDELETE FROM "movies" WHERE "movies"."id" = $1[0m  [["id", 15]]
  ↳ db/seeds.rb:9
  [1m[35m (4.4ms)[0m  [1m[35mCOMMIT[0m
  ↳ db/seeds.rb:9
  [1m[35m (1.0ms)[0m  [1m[35mBEGIN[0m
  ↳ db/seeds.rb:9
  [1m[36mMovie Destroy (1.2ms)[0m  [1m[31mDELETE FROM "movies" WHERE "movies"."id" = $1[0m  [["id", 16]]
  ↳ db/seeds.rb:9
  [1m[35m (3.3ms)[0m  [1m[35mCOMMIT[0m
  ↳ db/seeds.rb:9
  [1m[36mDirector Load (1.8ms)[0m  [1m[34mSELECT "directors".* FROM "directors"[0m
  ↳ db/seeds.rb:10
  [1m[35m (1.7ms)[0m  [1m[35mBEGIN[0m
  ↳ db/seeds.rb:10
  [1m[36mDirector Destroy (3.5ms)[0m  [1m[31mDELETE FROM "directors" WHERE "directors"."id" = $1[0m  [["id", 2]]
  ↳ db/seeds.rb:10
  [1m[35m (48.2ms)[0m  [1m[35mCOMMIT[0m
  ↳ db/seeds.rb:10
  [1m[35m (0.7ms)[0m  [1m[35mBEGIN[0m
  ↳ db/seeds.rb:10
  [1m[36mDirector Destroy (1.5ms)[0m  [1m[31mDELETE FROM "directors" WHERE "directors"."id" = $1[0m  [["id", 3]]
  ↳ db/seeds.rb:10
  [1m[35m (2.7ms)[0m  [1m[35mCOMMIT[0m
  ↳ db/seeds.rb:10
  [1m[35m (0.4ms)[0m  [1m[35mBEGIN[0m
  ↳ db/seeds.rb:10
  [1m[36mDirector Destroy (1.2ms)[0m  [1m[31mDELETE FROM "directors" WHERE "directors"."id" = $1[0m  [["id", 4]]
  ↳ db/seeds.rb:10
  [1m[35m (2.4ms)[0m  [1m[35mCOMMIT[0m
  ↳ db/seeds.rb:10
  [1m[35m (0.5ms)[0m  [1m[35mBEGIN[0m
  ↳ db/seeds.rb:12
  [1m[36mDirector Create (1.7ms)[0m  [1m[32mINSERT INTO "directors" ("first_name", "last_name", "created_at", "updated_at") VALUES ($1, $2, $3, $4) RETURNING "id"[0m  [["first_name", "Matieu"], ["last_name", "apotre"], ["created_at", "2018-05-01 15:52:05.419630"], ["updated_at", "2018-05-01 15:52:05.419630"]]
  ↳ db/seeds.rb:12
  [1m[35m (1.7ms)[0m  [1m[35mCOMMIT[0m
  ↳ db/seeds.rb:12
  [1m[35m (0.5ms)[0m  [1m[35mBEGIN[0m
  ↳ db/seeds.rb:13
  [1m[36mDirector Create (1.0ms)[0m  [1m[32mINSERT INTO "directors" ("first_name", "last_name", "created_at", "updated_at") VALUES ($1, $2, $3, $4) RETURNING "id"[0m  [["first_name", "Marc"], ["last_name", "apotre"], ["created_at", "2018-05-01 15:52:05.429023"], ["updated_at", "2018-05-01 15:52:05.429023"]]
  ↳ db/seeds.rb:13
  [1m[35m (1.7ms)[0m  [1m[35mCOMMIT[0m
  ↳ db/seeds.rb:13
  [1m[35m (0.8ms)[0m  [1m[35mBEGIN[0m
  ↳ db/seeds.rb:14
  [1m[36mDirector Create (0.9ms)[0m  [1m[32mINSERT INTO "directors" ("first_name", "last_name", "created_at", "updated_at") VALUES ($1, $2, $3, $4) RETURNING "id"[0m  [["first_name", "Luc"], ["last_name", "apotre"], ["created_at", "2018-05-01 15:52:05.437153"], ["updated_at", "2018-05-01 15:52:05.437153"]]
  ↳ db/seeds.rb:14
  [1m[35m (1.9ms)[0m  [1m[35mCOMMIT[0m
  ↳ db/seeds.rb:14
  [1m[35m (0.3ms)[0m  [1m[35mBEGIN[0m
  ↳ db/seeds.rb:16
  [1m[36mDirector Load (0.9ms)[0m  [1m[34mSELECT  "directors".* FROM "directors" WHERE "directors"."id" = $1 LIMIT $2[0m  [["id", 1], ["LIMIT", 1]]
  ↳ db/seeds.rb:16
  [1m[35m (0.5ms)[0m  [1m[31mROLLBACK[0m
  ↳ db/seeds.rb:16
  [1m[35m (0.3ms)[0m  [1m[35mBEGIN[0m
  ↳ db/seeds.rb:17
  [1m[36mDirector Load (0.9ms)[0m  [1m[34mSELECT  "directors".* FROM "directors" WHERE "directors"."id" = $1 LIMIT $2[0m  [["id", 2], ["LIMIT", 1]]
  ↳ db/seeds.rb:17
  [1m[35m (0.5ms)[0m  [1m[31mROLLBACK[0m
  ↳ db/seeds.rb:17
  [1m[35m (0.3ms)[0m  [1m[35mBEGIN[0m
  ↳ db/seeds.rb:18
  [1m[36mDirector Load (0.8ms)[0m  [1m[34mSELECT  "directors".* FROM "directors" WHERE "directors"."id" = $1 LIMIT $2[0m  [["id", 2], ["LIMIT", 1]]
  ↳ db/seeds.rb:18
  [1m[35m (0.5ms)[0m  [1m[31mROLLBACK[0m
  ↳ db/seeds.rb:18
  [1m[35m (0.5ms)[0m  [1m[35mBEGIN[0m
  ↳ db/seeds.rb:19
  [1m[36mDirector Load (0.7ms)[0m  [1m[34mSELECT  "directors".* FROM "directors" WHERE "directors"."id" = $1 LIMIT $2[0m  [["id", 3], ["LIMIT", 1]]
  ↳ db/seeds.rb:19
  [1m[35m (0.8ms)[0m  [1m[31mROLLBACK[0m
  ↳ db/seeds.rb:19
  [1m[35m (0.5ms)[0m  [1m[35mBEGIN[0m
  ↳ db/seeds.rb:20
  [1m[36mDirector Load (0.7ms)[0m  [1m[34mSELECT  "directors".* FROM "directors" WHERE "directors"."id" = $1 LIMIT $2[0m  [["id", 1], ["LIMIT", 1]]
  ↳ db/seeds.rb:20
  [1m[35m (0.4ms)[0m  [1m[31mROLLBACK[0m
  ↳ db/seeds.rb:20
  [1m[36mMovie Load (2.8ms)[0m  [1m[34mSELECT  "movies".* FROM "movies" LIMIT $1[0m  [["LIMIT", 11]]
  [1m[36mDirector Load (3.2ms)[0m  [1m[34mSELECT  "directors".* FROM "directors" LIMIT $1[0m  [["LIMIT", 11]]
  [1m[35m (3.8ms)[0m  [1m[34mSELECT "schema_migrations"."version" FROM "schema_migrations" ORDER BY "schema_migrations"."version" ASC[0m
  ↳ bin/rails:9
  [1m[36mMovie Load (1.8ms)[0m  [1m[34mSELECT "movies".* FROM "movies"[0m
  ↳ db/seeds.rb:9
  [1m[36mDirector Load (1.6ms)[0m  [1m[34mSELECT "directors".* FROM "directors"[0m
  ↳ db/seeds.rb:10
  [1m[35m (1.0ms)[0m  [1m[35mBEGIN[0m
  ↳ db/seeds.rb:10
  [1m[36mDirector Destroy (3.1ms)[0m  [1m[31mDELETE FROM "directors" WHERE "directors"."id" = $1[0m  [["id", 5]]
  ↳ db/seeds.rb:10
  [1m[35m (25.3ms)[0m  [1m[35mCOMMIT[0m
  ↳ db/seeds.rb:10
  [1m[35m (0.7ms)[0m  [1m[35mBEGIN[0m
  ↳ db/seeds.rb:10
  [1m[36mDirector Destroy (3.3ms)[0m  [1m[31mDELETE FROM "directors" WHERE "directors"."id" = $1[0m  [["id", 6]]
  ↳ db/seeds.rb:10
  [1m[35m (3.1ms)[0m  [1m[35mCOMMIT[0m
  ↳ db/seeds.rb:10
  [1m[35m (0.4ms)[0m  [1m[35mBEGIN[0m
  ↳ db/seeds.rb:10
  [1m[36mDirector Destroy (2.9ms)[0m  [1m[31mDELETE FROM "directors" WHERE "directors"."id" = $1[0m  [["id", 7]]
  ↳ db/seeds.rb:10
  [1m[35m (2.0ms)[0m  [1m[35mCOMMIT[0m
  ↳ db/seeds.rb:10
  [1m[35m (0.8ms)[0m  [1m[35mBEGIN[0m
  ↳ db/seeds.rb:12
  [1m[36mDirector Create (2.0ms)[0m  [1m[32mINSERT INTO "directors" ("first_name", "last_name", "created_at", "updated_at") VALUES ($1, $2, $3, $4) RETURNING "id"[0m  [["first_name", "Matieu"], ["last_name", "apotre"], ["created_at", "2018-05-01 15:54:29.874691"], ["updated_at", "2018-05-01 15:54:29.874691"]]
  ↳ db/seeds.rb:12
  [1m[35m (3.0ms)[0m  [1m[35mCOMMIT[0m
  ↳ db/seeds.rb:12
  [1m[35m (0.4ms)[0m  [1m[35mBEGIN[0m
  ↳ db/seeds.rb:13
  [1m[36mDirector Create (1.0ms)[0m  [1m[32mINSERT INTO "directors" ("first_name", "last_name", "created_at", "updated_at") VALUES ($1, $2, $3, $4) RETURNING "id"[0m  [["first_name", "Marc"], ["last_name", "apotre"], ["created_at", "2018-05-01 15:54:29.886789"], ["updated_at", "2018-05-01 15:54:29.886789"]]
  ↳ db/seeds.rb:13
  [1m[35m (2.5ms)[0m  [1m[35mCOMMIT[0m
  ↳ db/seeds.rb:13
  [1m[35m (0.6ms)[0m  [1m[35mBEGIN[0m
  ↳ db/seeds.rb:14
  [1m[36mDirector Create (1.0ms)[0m  [1m[32mINSERT INTO "directors" ("first_name", "last_name", "created_at", "updated_at") VALUES ($1, $2, $3, $4) RETURNING "id"[0m  [["first_name", "Luc"], ["last_name", "apotre"], ["created_at", "2018-05-01 15:54:29.896082"], ["updated_at", "2018-05-01 15:54:29.896082"]]
  ↳ db/seeds.rb:14
  [1m[35m (1.6ms)[0m  [1m[35mCOMMIT[0m
  ↳ db/seeds.rb:14
  [1m[35m (0.9ms)[0m  [1m[35mBEGIN[0m
  ↳ db/seeds.rb:16
  [1m[36mDirector Load (1.2ms)[0m  [1m[34mSELECT  "directors".* FROM "directors" WHERE "directors"."id" = $1 LIMIT $2[0m  [["id", 1], ["LIMIT", 1]]
  ↳ db/seeds.rb:16
  [1m[35m (0.8ms)[0m  [1m[31mROLLBACK[0m
  ↳ db/seeds.rb:16
  [1m[35m (0.9ms)[0m  [1m[35mBEGIN[0m
  ↳ db/seeds.rb:17
  [1m[36mDirector Load (1.4ms)[0m  [1m[34mSELECT  "directors".* FROM "directors" WHERE "directors"."id" = $1 LIMIT $2[0m  [["id", 2], ["LIMIT", 1]]
  ↳ db/seeds.rb:17
  [1m[35m (0.7ms)[0m  [1m[31mROLLBACK[0m
  ↳ db/seeds.rb:17
  [1m[35m (0.5ms)[0m  [1m[35mBEGIN[0m
  ↳ db/seeds.rb:18
  [1m[36mDirector Load (1.1ms)[0m  [1m[34mSELECT  "directors".* FROM "directors" WHERE "directors"."id" = $1 LIMIT $2[0m  [["id", 2], ["LIMIT", 1]]
  ↳ db/seeds.rb:18
  [1m[35m (0.6ms)[0m  [1m[31mROLLBACK[0m
  ↳ db/seeds.rb:18
  [1m[35m (0.4ms)[0m  [1m[35mBEGIN[0m
  ↳ db/seeds.rb:19
  [1m[36mDirector Load (1.2ms)[0m  [1m[34mSELECT  "directors".* FROM "directors" WHERE "directors"."id" = $1 LIMIT $2[0m  [["id", 3], ["LIMIT", 1]]
  ↳ db/seeds.rb:19
  [1m[35m (0.8ms)[0m  [1m[31mROLLBACK[0m
  ↳ db/seeds.rb:19
  [1m[35m (0.4ms)[0m  [1m[35mBEGIN[0m
  ↳ db/seeds.rb:20
  [1m[36mDirector Load (1.1ms)[0m  [1m[34mSELECT  "directors".* FROM "directors" WHERE "directors"."id" = $1 LIMIT $2[0m  [["id", 1], ["LIMIT", 1]]
  ↳ db/seeds.rb:20
  [1m[35m (0.7ms)[0m  [1m[31mROLLBACK[0m
  ↳ db/seeds.rb:20
  [1m[36mMovie Load (1.9ms)[0m  [1m[34mSELECT  "movies".* FROM "movies" LIMIT $1[0m  [["LIMIT", 11]]
  [1m[35m (1.2ms)[0m  [1m[35mBEGIN[0m
  [1m[36mDirector Load (1.5ms)[0m  [1m[34mSELECT  "directors".* FROM "directors" WHERE "directors"."id" = $1 LIMIT $2[0m  [["id", 1], ["LIMIT", 1]]
  [1m[35m (0.6ms)[0m  [1m[31mROLLBACK[0m
  [1m[36mDirector Load (2.1ms)[0m  [1m[34mSELECT  "directors".* FROM "directors" LIMIT $1[0m  [["LIMIT", 11]]
  [1m[35m (2.3ms)[0m  [1m[34mSELECT "schema_migrations"."version" FROM "schema_migrations" ORDER BY "schema_migrations"."version" ASC[0m
  ↳ bin/rails:9
  [1m[36mMovie Load (2.7ms)[0m  [1m[34mSELECT "movies".* FROM "movies"[0m
  ↳ db/seeds.rb:9
  [1m[36mDirector Load (1.3ms)[0m  [1m[34mSELECT "directors".* FROM "directors"[0m
  ↳ db/seeds.rb:10
  [1m[35m (0.5ms)[0m  [1m[35mBEGIN[0m
  ↳ db/seeds.rb:10
  [1m[36mDirector Destroy (2.7ms)[0m  [1m[31mDELETE FROM "directors" WHERE "directors"."id" = $1[0m  [["id", 8]]
  ↳ db/seeds.rb:10
  [1m[35m (29.0ms)[0m  [1m[35mCOMMIT[0m
  ↳ db/seeds.rb:10
  [1m[35m (0.8ms)[0m  [1m[35mBEGIN[0m
  ↳ db/seeds.rb:10
  [1m[36mDirector Destroy (3.4ms)[0m  [1m[31mDELETE FROM "directors" WHERE "directors"."id" = $1[0m  [["id", 9]]
  ↳ db/seeds.rb:10
  [1m[35m (3.0ms)[0m  [1m[35mCOMMIT[0m
  ↳ db/seeds.rb:10
  [1m[35m (0.8ms)[0m  [1m[35mBEGIN[0m
  ↳ db/seeds.rb:10
  [1m[36mDirector Destroy (2.6ms)[0m  [1m[31mDELETE FROM "directors" WHERE "directors"."id" = $1[0m  [["id", 10]]
  ↳ db/seeds.rb:10
  [1m[35m (1.9ms)[0m  [1m[35mCOMMIT[0m
  ↳ db/seeds.rb:10
  [1m[35m (1.0ms)[0m  [1m[35mBEGIN[0m
  ↳ db/seeds.rb:12
  [1m[36mDirector Create (1.6ms)[0m  [1m[32mINSERT INTO "directors" ("first_name", "last_name", "created_at", "updated_at") VALUES ($1, $2, $3, $4) RETURNING "id"[0m  [["first_name", "Matieu"], ["last_name", "apotre"], ["created_at", "2018-05-01 15:57:54.449524"], ["updated_at", "2018-05-01 15:57:54.449524"]]
  ↳ db/seeds.rb:12
  [1m[35m (3.7ms)[0m  [1m[35mCOMMIT[0m
  ↳ db/seeds.rb:12
  [1m[35m (1.3ms)[0m  [1m[35mBEGIN[0m
  ↳ db/seeds.rb:13
  [1m[36mDirector Create (1.4ms)[0m  [1m[32mINSERT INTO "directors" ("first_name", "last_name", "created_at", "updated_at") VALUES ($1, $2, $3, $4) RETURNING "id"[0m  [["first_name", "Marc"], ["last_name", "apotre"], ["created_at", "2018-05-01 15:57:54.461601"], ["updated_at", "2018-05-01 15:57:54.461601"]]
  ↳ db/seeds.rb:13
  [1m[35m (2.1ms)[0m  [1m[35mCOMMIT[0m
  ↳ db/seeds.rb:13
  [1m[35m (1.0ms)[0m  [1m[35mBEGIN[0m
  ↳ db/seeds.rb:14
  [1m[36mDirector Create (1.2ms)[0m  [1m[32mINSERT INTO "directors" ("first_name", "last_name", "created_at", "updated_at") VALUES ($1, $2, $3, $4) RETURNING "id"[0m  [["first_name", "Luc"], ["last_name", "apotre"], ["created_at", "2018-05-01 15:57:54.471446"], ["updated_at", "2018-05-01 15:57:54.471446"]]
  ↳ db/seeds.rb:14
  [1m[35m (2.0ms)[0m  [1m[35mCOMMIT[0m
  ↳ db/seeds.rb:14
  [1m[35m (0.8ms)[0m  [1m[35mBEGIN[0m
  ↳ db/seeds.rb:16
  [1m[36mDirector Load (0.6ms)[0m  [1m[34mSELECT  "directors".* FROM "directors" WHERE "directors"."id" = $1 LIMIT $2[0m  [["id", 8], ["LIMIT", 1]]
  ↳ db/seeds.rb:16
  [1m[35m (0.8ms)[0m  [1m[31mROLLBACK[0m
  ↳ db/seeds.rb:16
  [1m[35m (0.4ms)[0m  [1m[35mBEGIN[0m
  ↳ db/seeds.rb:17
  [1m[36mDirector Load (1.0ms)[0m  [1m[34mSELECT  "directors".* FROM "directors" WHERE "directors"."id" = $1 LIMIT $2[0m  [["id", 9], ["LIMIT", 1]]
  ↳ db/seeds.rb:17
  [1m[35m (0.8ms)[0m  [1m[31mROLLBACK[0m
  ↳ db/seeds.rb:17
  [1m[35m (0.4ms)[0m  [1m[35mBEGIN[0m
  ↳ db/seeds.rb:18
  [1m[36mDirector Load (0.9ms)[0m  [1m[34mSELECT  "directors".* FROM "directors" WHERE "directors"."id" = $1 LIMIT $2[0m  [["id", 10], ["LIMIT", 1]]
  ↳ db/seeds.rb:18
  [1m[35m (0.7ms)[0m  [1m[31mROLLBACK[0m
  ↳ db/seeds.rb:18
  [1m[35m (0.4ms)[0m  [1m[35mBEGIN[0m
  ↳ db/seeds.rb:19
  [1m[36mDirector Load (1.1ms)[0m  [1m[34mSELECT  "directors".* FROM "directors" WHERE "directors"."id" = $1 LIMIT $2[0m  [["id", 9], ["LIMIT", 1]]
  ↳ db/seeds.rb:19
  [1m[35m (0.7ms)[0m  [1m[31mROLLBACK[0m
  ↳ db/seeds.rb:19
  [1m[35m (0.5ms)[0m  [1m[35mBEGIN[0m
  ↳ db/seeds.rb:20
  [1m[36mDirector Load (1.1ms)[0m  [1m[34mSELECT  "directors".* FROM "directors" WHERE "directors"."id" = $1 LIMIT $2[0m  [["id", 8], ["LIMIT", 1]]
  ↳ db/seeds.rb:20
  [1m[35m (0.6ms)[0m  [1m[31mROLLBACK[0m
  ↳ db/seeds.rb:20
  [1m[36mMovie Load (2.3ms)[0m  [1m[34mSELECT  "movies".* FROM "movies" LIMIT $1[0m  [["LIMIT", 11]]
  [1m[36mDirector Load (1.4ms)[0m  [1m[34mSELECT  "directors".* FROM "directors" LIMIT $1[0m  [["LIMIT", 11]]
  [1m[35m (3.5ms)[0m  [1m[34mSELECT "schema_migrations"."version" FROM "schema_migrations" ORDER BY "schema_migrations"."version" ASC[0m
  ↳ bin/rails:9
  [1m[36mMovie Load (1.9ms)[0m  [1m[34mSELECT "movies".* FROM "movies"[0m
  ↳ db/seeds.rb:9
  [1m[36mDirector Load (2.8ms)[0m  [1m[34mSELECT "directors".* FROM "directors"[0m
  ↳ db/seeds.rb:10
  [1m[35m (1.5ms)[0m  [1m[35mBEGIN[0m
  ↳ db/seeds.rb:10
  [1m[36mDirector Destroy (5.2ms)[0m  [1m[31mDELETE FROM "directors" WHERE "directors"."id" = $1[0m  [["id", 11]]
  ↳ db/seeds.rb:10
  [1m[35m (33.2ms)[0m  [1m[35mCOMMIT[0m
  ↳ db/seeds.rb:10
  [1m[35m (0.7ms)[0m  [1m[35mBEGIN[0m
  ↳ db/seeds.rb:10
  [1m[36mDirector Destroy (3.1ms)[0m  [1m[31mDELETE FROM "directors" WHERE "directors"."id" = $1[0m  [["id", 12]]
  ↳ db/seeds.rb:10
  [1m[35m (4.7ms)[0m  [1m[35mCOMMIT[0m
  ↳ db/seeds.rb:10
  [1m[35m (0.4ms)[0m  [1m[35mBEGIN[0m
  ↳ db/seeds.rb:10
  [1m[36mDirector Destroy (1.4ms)[0m  [1m[31mDELETE FROM "directors" WHERE "directors"."id" = $1[0m  [["id", 13]]
  ↳ db/seeds.rb:10
  [1m[35m (8.2ms)[0m  [1m[35mCOMMIT[0m
  ↳ db/seeds.rb:10
  [1m[35m (0.5ms)[0m  [1m[35mBEGIN[0m
  ↳ db/seeds.rb:12
  [1m[36mDirector Create (1.5ms)[0m  [1m[32mINSERT INTO "directors" ("first_name", "last_name", "created_at", "updated_at") VALUES ($1, $2, $3, $4) RETURNING "id"[0m  [["first_name", "Matieu"], ["last_name", "apotre"], ["created_at", "2018-05-01 15:59:23.239477"], ["updated_at", "2018-05-01 15:59:23.239477"]]
  ↳ db/seeds.rb:12
  [1m[35m (1.8ms)[0m  [1m[35mCOMMIT[0m
  ↳ db/seeds.rb:12
  [1m[35m (0.4ms)[0m  [1m[35mBEGIN[0m
  ↳ db/seeds.rb:13
  [1m[36mDirector Create (1.1ms)[0m  [1m[32mINSERT INTO "directors" ("first_name", "last_name", "created_at", "updated_at") VALUES ($1, $2, $3, $4) RETURNING "id"[0m  [["first_name", "Marc"], ["last_name", "apotre"], ["created_at", "2018-05-01 15:59:23.248753"], ["updated_at", "2018-05-01 15:59:23.248753"]]
  ↳ db/seeds.rb:13
  [1m[35m (1.8ms)[0m  [1m[35mCOMMIT[0m
  ↳ db/seeds.rb:13
  [1m[35m (0.6ms)[0m  [1m[35mBEGIN[0m
  ↳ db/seeds.rb:14
  [1m[36mDirector Create (1.0ms)[0m  [1m[32mINSERT INTO "directors" ("first_name", "last_name", "created_at", "updated_at") VALUES ($1, $2, $3, $4) RETURNING "id"[0m  [["first_name", "Luc"], ["last_name", "apotre"], ["created_at", "2018-05-01 15:59:23.257127"], ["updated_at", "2018-05-01 15:59:23.257127"]]
  ↳ db/seeds.rb:14
  [1m[35m (3.1ms)[0m  [1m[35mCOMMIT[0m
  ↳ db/seeds.rb:14
  [1m[35m (1.5ms)[0m  [1m[35mBEGIN[0m
  ↳ db/seeds.rb:16
  [1m[36mDirector Load (2.2ms)[0m  [1m[34mSELECT  "directors".* FROM "directors" WHERE "directors"."id" = $1 LIMIT $2[0m  [["id", 14], ["LIMIT", 1]]
  ↳ db/seeds.rb:16
  [1m[36mMovie Create (3.6ms)[0m  [1m[32mINSERT INTO "movies" ("title", "release_year", "created_at", "updated_at", "director_id") VALUES ($1, $2, $3, $4, $5) RETURNING "id"[0m  [["title", "c"], ["release_year", 2017], ["created_at", "2018-05-01 15:59:23.304563"], ["updated_at", "2018-05-01 15:59:23.304563"], ["director_id", 14]]
  ↳ db/seeds.rb:16
  [1m[35m (4.9ms)[0m  [1m[35mCOMMIT[0m
  ↳ db/seeds.rb:16
  [1m[35m (0.5ms)[0m  [1m[35mBEGIN[0m
  ↳ db/seeds.rb:17
  [1m[36mDirector Load (2.0ms)[0m  [1m[34mSELECT  "directors".* FROM "directors" WHERE "directors"."id" = $1 LIMIT $2[0m  [["id", 15], ["LIMIT", 1]]
  ↳ db/seeds.rb:17
  [1m[36mMovie Create (2.3ms)[0m  [1m[32mINSERT INTO "movies" ("title", "release_year", "created_at", "updated_at", "director_id") VALUES ($1, $2, $3, $4, $5) RETURNING "id"[0m  [["title", "d"], ["release_year", 2011], ["created_at", "2018-05-01 15:59:23.324249"], ["updated_at", "2018-05-01 15:59:23.324249"], ["director_id", 15]]
  ↳ db/seeds.rb:17
  [1m[35m (3.3ms)[0m  [1m[35mCOMMIT[0m
  ↳ db/seeds.rb:17
  [1m[35m (0.9ms)[0m  [1m[35mBEGIN[0m
  ↳ db/seeds.rb:18
  [1m[36mDirector Load (0.9ms)[0m  [1m[34mSELECT  "directors".* FROM "directors" WHERE "directors"."id" = $1 LIMIT $2[0m  [["id", 14], ["LIMIT", 1]]
  ↳ db/seeds.rb:18
  [1m[36mMovie Create (1.8ms)[0m  [1m[32mINSERT INTO "movies" ("title", "release_year", "created_at", "updated_at", "director_id") VALUES ($1, $2, $3, $4, $5) RETURNING "id"[0m  [["title", "e"], ["release_year", 2013], ["created_at", "2018-05-01 15:59:23.340255"], ["updated_at", "2018-05-01 15:59:23.340255"], ["director_id", 14]]
  ↳ db/seeds.rb:18
  [1m[35m (2.5ms)[0m  [1m[35mCOMMIT[0m
  ↳ db/seeds.rb:18
  [1m[35m (0.8ms)[0m  [1m[35mBEGIN[0m
  ↳ db/seeds.rb:19
  [1m[36mDirector Load (1.3ms)[0m  [1m[34mSELECT  "directors".* FROM "directors" WHERE "directors"."id" = $1 LIMIT $2[0m  [["id", 16], ["LIMIT", 1]]
  ↳ db/seeds.rb:19
  [1m[36mMovie Create (1.8ms)[0m  [1m[32mINSERT INTO "movies" ("title", "release_year", "created_at", "updated_at", "director_id") VALUES ($1, $2, $3, $4, $5) RETURNING "id"[0m  [["title", "f"], ["release_year", 2012], ["created_at", "2018-05-01 15:59:23.356136"], ["updated_at", "2018-05-01 15:59:23.356136"], ["director_id", 16]]
  ↳ db/seeds.rb:19
  [1m[35m (2.5ms)[0m  [1m[35mCOMMIT[0m
  ↳ db/seeds.rb:19
  [1m[35m (0.4ms)[0m  [1m[35mBEGIN[0m
  ↳ db/seeds.rb:20
  [1m[36mDirector Load (1.3ms)[0m  [1m[34mSELECT  "directors".* FROM "directors" WHERE "directors"."id" = $1 LIMIT $2[0m  [["id", 14], ["LIMIT", 1]]
  ↳ db/seeds.rb:20
  [1m[36mMovie Create (1.5ms)[0m  [1m[32mINSERT INTO "movies" ("title", "release_year", "created_at", "updated_at", "director_id") VALUES ($1, $2, $3, $4, $5) RETURNING "id"[0m  [["title", "g"], ["release_year", 2012], ["created_at", "2018-05-01 15:59:23.371332"], ["updated_at", "2018-05-01 15:59:23.371332"], ["director_id", 14]]
  ↳ db/seeds.rb:20
  [1m[35m (4.8ms)[0m  [1m[35mCOMMIT[0m
  ↳ db/seeds.rb:20
  [1m[36mMovie Load (2.7ms)[0m  [1m[34mSELECT  "movies".* FROM "movies" LIMIT $1[0m  [["LIMIT", 11]]
  [1m[36mDirector Load (1.2ms)[0m  [1m[34mSELECT  "directors".* FROM "directors" ORDER BY "directors"."id" ASC LIMIT $1[0m  [["LIMIT", 1]]
  [1m[35m (4.7ms)[0m  [1m[34mSELECT "schema_migrations"."version" FROM "schema_migrations" ORDER BY "schema_migrations"."version" ASC[0m
  ↳ bin/rails:9
  [1m[36mMovie Load (2.6ms)[0m  [1m[34mSELECT "movies".* FROM "movies"[0m
  ↳ db/seeds.rb:9
  [1m[35m (0.4ms)[0m  [1m[35mBEGIN[0m
  ↳ db/seeds.rb:9
  [1m[36mMovie Destroy (2.3ms)[0m  [1m[31mDELETE FROM "movies" WHERE "movies"."id" = $1[0m  [["id", 17]]
  ↳ db/seeds.rb:9
  [1m[35m (2.2ms)[0m  [1m[35mCOMMIT[0m
  ↳ db/seeds.rb:9
  [1m[35m (0.4ms)[0m  [1m[35mBEGIN[0m
  ↳ db/seeds.rb:9
  [1m[36mMovie Destroy (1.0ms)[0m  [1m[31mDELETE FROM "movies" WHERE "movies"."id" = $1[0m  [["id", 18]]
  ↳ db/seeds.rb:9
  [1m[35m (2.5ms)[0m  [1m[35mCOMMIT[0m
  ↳ db/seeds.rb:9
  [1m[35m (0.5ms)[0m  [1m[35mBEGIN[0m
  ↳ db/seeds.rb:9
  [1m[36mMovie Destroy (1.2ms)[0m  [1m[31mDELETE FROM "movies" WHERE "movies"."id" = $1[0m  [["id", 19]]
  ↳ db/seeds.rb:9
  [1m[35m (1.5ms)[0m  [1m[35mCOMMIT[0m
  ↳ db/seeds.rb:9
  [1m[35m (0.4ms)[0m  [1m[35mBEGIN[0m
  ↳ db/seeds.rb:9
  [1m[36mMovie Destroy (1.2ms)[0m  [1m[31mDELETE FROM "movies" WHERE "movies"."id" = $1[0m  [["id", 20]]
  ↳ db/seeds.rb:9
  [1m[35m (1.4ms)[0m  [1m[35mCOMMIT[0m
  ↳ db/seeds.rb:9
  [1m[35m (0.5ms)[0m  [1m[35mBEGIN[0m
  ↳ db/seeds.rb:9
  [1m[36mMovie Destroy (1.2ms)[0m  [1m[31mDELETE FROM "movies" WHERE "movies"."id" = $1[0m  [["id", 21]]
  ↳ db/seeds.rb:9
  [1m[35m (1.6ms)[0m  [1m[35mCOMMIT[0m
  ↳ db/seeds.rb:9
  [1m[36mDirector Load (1.4ms)[0m  [1m[34mSELECT "directors".* FROM "directors"[0m
  ↳ db/seeds.rb:10
  [1m[35m (0.7ms)[0m  [1m[35mBEGIN[0m
  ↳ db/seeds.rb:10
  [1m[36mDirector Destroy (2.2ms)[0m  [1m[31mDELETE FROM "directors" WHERE "directors"."id" = $1[0m  [["id", 14]]
  ↳ db/seeds.rb:10
  [1m[35m (5.0ms)[0m  [1m[35mCOMMIT[0m
  ↳ db/seeds.rb:10
  [1m[35m (0.8ms)[0m  [1m[35mBEGIN[0m
  ↳ db/seeds.rb:10
  [1m[36mDirector Destroy (1.9ms)[0m  [1m[31mDELETE FROM "directors" WHERE "directors"."id" = $1[0m  [["id", 15]]
  ↳ db/seeds.rb:10
  [1m[35m (3.2ms)[0m  [1m[35mCOMMIT[0m
  ↳ db/seeds.rb:10
  [1m[35m (0.9ms)[0m  [1m[35mBEGIN[0m
  ↳ db/seeds.rb:10
  [1m[36mDirector Destroy (2.3ms)[0m  [1m[31mDELETE FROM "directors" WHERE "directors"."id" = $1[0m  [["id", 16]]
  ↳ db/seeds.rb:10
  [1m[35m (2.8ms)[0m  [1m[35mCOMMIT[0m
  ↳ db/seeds.rb:10
  [1m[35m (1.0ms)[0m  [1m[35mBEGIN[0m
  ↳ db/seeds.rb:12
  [1m[36mDirector Create (1.9ms)[0m  [1m[32mINSERT INTO "directors" ("first_name", "last_name", "created_at", "updated_at") VALUES ($1, $2, $3, $4) RETURNING "id"[0m  [["first_name", "Matieu"], ["last_name", "apotre"], ["created_at", "2018-05-01 16:03:48.808015"], ["updated_at", "2018-05-01 16:03:48.808015"]]
  ↳ db/seeds.rb:12
  [1m[35m (2.0ms)[0m  [1m[35mCOMMIT[0m
  ↳ db/seeds.rb:12
  [1m[35m (0.4ms)[0m  [1m[35mBEGIN[0m
  ↳ db/seeds.rb:13
  [1m[36mDirector Create (0.9ms)[0m  [1m[32mINSERT INTO "directors" ("first_name", "last_name", "created_at", "updated_at") VALUES ($1, $2, $3, $4) RETURNING "id"[0m  [["first_name", "Marc"], ["last_name", "apotre"], ["created_at", "2018-05-01 16:03:48.818337"], ["updated_at", "2018-05-01 16:03:48.818337"]]
  ↳ db/seeds.rb:13
  [1m[35m (2.0ms)[0m  [1m[35mCOMMIT[0m
  ↳ db/seeds.rb:13
  [1m[35m (0.7ms)[0m  [1m[35mBEGIN[0m
  ↳ db/seeds.rb:14
  [1m[36mDirector Create (1.2ms)[0m  [1m[32mINSERT INTO "directors" ("first_name", "last_name", "created_at", "updated_at") VALUES ($1, $2, $3, $4) RETURNING "id"[0m  [["first_name", "Luc"], ["last_name", "apotre"], ["created_at", "2018-05-01 16:03:48.826747"], ["updated_at", "2018-05-01 16:03:48.826747"]]
  ↳ db/seeds.rb:14
  [1m[35m (1.9ms)[0m  [1m[35mCOMMIT[0m
  ↳ db/seeds.rb:14
  [1m[35m (0.4ms)[0m  [1m[35mBEGIN[0m
  ↳ db/seeds.rb:18
  [1m[36mDirector Load (0.7ms)[0m  [1m[34mSELECT  "directors".* FROM "directors" WHERE "directors"."id" = $1 LIMIT $2[0m  [["id", 17], ["LIMIT", 1]]
  ↳ db/seeds.rb:18
  [1m[36mMovie Create (2.4ms)[0m  [1m[32mINSERT INTO "movies" ("title", "release_year", "created_at", "updated_at", "director_id") VALUES ($1, $2, $3, $4, $5) RETURNING "id"[0m  [["title", "c"], ["release_year", 2017], ["created_at", "2018-05-01 16:03:48.848880"], ["updated_at", "2018-05-01 16:03:48.848880"], ["director_id", 17]]
  ↳ db/seeds.rb:18
  [1m[35m (2.4ms)[0m  [1m[35mCOMMIT[0m
  ↳ db/seeds.rb:18
  [1m[35m (0.3ms)[0m  [1m[35mBEGIN[0m
  ↳ db/seeds.rb:19
  [1m[36mDirector Load (0.8ms)[0m  [1m[34mSELECT  "directors".* FROM "directors" WHERE "directors"."id" = $1 LIMIT $2[0m  [["id", 19], ["LIMIT", 1]]
  ↳ db/seeds.rb:19
  [1m[36mMovie Create (2.0ms)[0m  [1m[32mINSERT INTO "movies" ("title", "release_year", "created_at", "updated_at", "director_id") VALUES ($1, $2, $3, $4, $5) RETURNING "id"[0m  [["title", "d"], ["release_year", 2011], ["created_at", "2018-05-01 16:03:48.862430"], ["updated_at", "2018-05-01 16:03:48.862430"], ["director_id", 19]]
  ↳ db/seeds.rb:19
  [1m[35m (2.4ms)[0m  [1m[35mCOMMIT[0m
  ↳ db/seeds.rb:19
  [1m[35m (0.8ms)[0m  [1m[35mBEGIN[0m
  ↳ db/seeds.rb:20
  [1m[36mDirector Load (0.9ms)[0m  [1m[34mSELECT  "directors".* FROM "directors" WHERE "directors"."id" = $1 LIMIT $2[0m  [["id", 17], ["LIMIT", 1]]
  ↳ db/seeds.rb:20
  [1m[36mMovie Create (2.2ms)[0m  [1m[32mINSERT INTO "movies" ("title", "release_year", "created_at", "updated_at", "director_id") VALUES ($1, $2, $3, $4, $5) RETURNING "id"[0m  [["title", "e"], ["release_year", 2013], ["created_at", "2018-05-01 16:03:48.876512"], ["updated_at", "2018-05-01 16:03:48.876512"], ["director_id", 17]]
  ↳ db/seeds.rb:20
  [1m[35m (2.2ms)[0m  [1m[35mCOMMIT[0m
  ↳ db/seeds.rb:20
  [1m[35m (2.0ms)[0m  [1m[35mBEGIN[0m
  ↳ db/seeds.rb:21
  [1m[36mDirector Load (0.9ms)[0m  [1m[34mSELECT  "directors".* FROM "directors" WHERE "directors"."id" = $1 LIMIT $2[0m  [["id", 19], ["LIMIT", 1]]
  ↳ db/seeds.rb:21
  [1m[36mMovie Create (2.5ms)[0m  [1m[32mINSERT INTO "movies" ("title", "release_year", "created_at", "updated_at", "director_id") VALUES ($1, $2, $3, $4, $5) RETURNING "id"[0m  [["title", "f"], ["release_year", 2012], ["created_at", "2018-05-01 16:03:48.891942"], ["updated_at", "2018-05-01 16:03:48.891942"], ["director_id", 19]]
  ↳ db/seeds.rb:21
  [1m[35m (2.4ms)[0m  [1m[35mCOMMIT[0m
  ↳ db/seeds.rb:21
  [1m[35m (0.9ms)[0m  [1m[35mBEGIN[0m
  ↳ db/seeds.rb:22
  [1m[36mDirector Load (1.3ms)[0m  [1m[34mSELECT  "directors".* FROM "directors" WHERE "directors"."id" = $1 LIMIT $2[0m  [["id", 18], ["LIMIT", 1]]
  ↳ db/seeds.rb:22
  [1m[36mMovie Create (2.1ms)[0m  [1m[32mINSERT INTO "movies" ("title", "release_year", "created_at", "updated_at", "director_id") VALUES ($1, $2, $3, $4, $5) RETURNING "id"[0m  [["title", "g"], ["release_year", 2012], ["created_at", "2018-05-01 16:03:48.906705"], ["updated_at", "2018-05-01 16:03:48.906705"], ["director_id", 18]]
  ↳ db/seeds.rb:22
  [1m[35m (3.2ms)[0m  [1m[35mCOMMIT[0m
  ↳ db/seeds.rb:22
  [1m[36mMovie Load (3.1ms)[0m  [1m[34mSELECT  "movies".* FROM "movies" LIMIT $1[0m  [["LIMIT", 11]]
Started GET "/liste_film" for 127.0.0.1 at 2018-05-01 18:05:24 +0200
Processing by MoviesController#liste_film as HTML
  Rendering movies/liste_film.html.erb within layouts/application
  [1m[36mMovie Load (2.1ms)[0m  [1m[34mSELECT "movies".* FROM "movies"[0m
  ↳ app/views/movies/liste_film.html.erb:2
  [1m[36mDirector Load (1.4ms)[0m  [1m[34mSELECT  "directors".* FROM "directors" WHERE "directors"."id" = $1 LIMIT $2[0m  [["id", 17], ["LIMIT", 1]]
  ↳ app/views/movies/liste_film.html.erb:3
  [1m[36mDirector Load (1.0ms)[0m  [1m[34mSELECT  "directors".* FROM "directors" WHERE "directors"."id" = $1 LIMIT $2[0m  [["id", 19], ["LIMIT", 1]]
  ↳ app/views/movies/liste_film.html.erb:3
  [1m[36mCACHE Director Load (0.1ms)[0m  [1m[34mSELECT  "directors".* FROM "directors" WHERE "directors"."id" = $1 LIMIT $2[0m  [["id", 17], ["LIMIT", 1]]
  ↳ app/views/movies/liste_film.html.erb:3
  [1m[36mCACHE Director Load (0.1ms)[0m  [1m[34mSELECT  "directors".* FROM "directors" WHERE "directors"."id" = $1 LIMIT $2[0m  [["id", 19], ["LIMIT", 1]]
  ↳ app/views/movies/liste_film.html.erb:3
  [1m[36mDirector Load (0.9ms)[0m  [1m[34mSELECT  "directors".* FROM "directors" WHERE "directors"."id" = $1 LIMIT $2[0m  [["id", 18], ["LIMIT", 1]]
  ↳ app/views/movies/liste_film.html.erb:3
  Rendered movies/liste_film.html.erb within layouts/application (36.2ms)
Completed 200 OK in 180ms (Views: 168.6ms | ActiveRecord: 7.3ms)


Started GET "/liste_film" for 127.0.0.1 at 2018-05-01 18:14:44 +0200
Processing by MoviesController#liste_film as HTML
  Rendering movies/liste_film.html.erb within layouts/application
  [1m[36mMovie Load (2.6ms)[0m  [1m[34mSELECT "movies".* FROM "movies"[0m
  ↳ app/views/movies/liste_film.html.erb:2
  [1m[36mDirector Load (1.9ms)[0m  [1m[34mSELECT  "directors".* FROM "directors" WHERE "directors"."id" = $1 LIMIT $2[0m  [["id", 17], ["LIMIT", 1]]
  ↳ app/views/movies/liste_film.html.erb:3
  [1m[36mDirector Load (1.0ms)[0m  [1m[34mSELECT  "directors".* FROM "directors" WHERE "directors"."id" = $1 LIMIT $2[0m  [["id", 19], ["LIMIT", 1]]
  ↳ app/views/movies/liste_film.html.erb:3
  [1m[36mCACHE Director Load (0.1ms)[0m  [1m[34mSELECT  "directors".* FROM "directors" WHERE "directors"."id" = $1 LIMIT $2[0m  [["id", 17], ["LIMIT", 1]]
  ↳ app/views/movies/liste_film.html.erb:3
  [1m[36mCACHE Director Load (0.1ms)[0m  [1m[34mSELECT  "directors".* FROM "directors" WHERE "directors"."id" = $1 LIMIT $2[0m  [["id", 19], ["LIMIT", 1]]
  ↳ app/views/movies/liste_film.html.erb:3
  [1m[36mDirector Load (0.9ms)[0m  [1m[34mSELECT  "directors".* FROM "directors" WHERE "directors"."id" = $1 LIMIT $2[0m  [["id", 18], ["LIMIT", 1]]
  ↳ app/views/movies/liste_film.html.erb:3
  Rendered movies/liste_film.html.erb within layouts/application (31.4ms)
Completed 200 OK in 124ms (Views: 112.1ms | ActiveRecord: 7.3ms)


Started GET "/" for 127.0.0.1 at 2018-05-01 18:22:01 +0200
Processing by WelcomeController#index as HTML
  Rendering welcome/index.html.erb within layouts/application
  Rendered welcome/index.html.erb within layouts/application (1.6ms)
Completed 200 OK in 142ms (Views: 138.2ms | ActiveRecord: 0.0ms)


Started GET "/liste_film" for 127.0.0.1 at 2018-05-01 18:22:05 +0200
Processing by MoviesController#liste_film as HTML
  Rendering movies/liste_film.html.erb within layouts/application
  [1m[36mMovie Load (2.1ms)[0m  [1m[34mSELECT "movies".* FROM "movies"[0m
  ↳ app/views/movies/liste_film.html.erb:2
  [1m[36mDirector Load (1.3ms)[0m  [1m[34mSELECT  "directors".* FROM "directors" WHERE "directors"."id" = $1 LIMIT $2[0m  [["id", 17], ["LIMIT", 1]]
  ↳ app/views/movies/liste_film.html.erb:3
  [1m[36mDirector Load (1.0ms)[0m  [1m[34mSELECT  "directors".* FROM "directors" WHERE "directors"."id" = $1 LIMIT $2[0m  [["id", 19], ["LIMIT", 1]]
  ↳ app/views/movies/liste_film.html.erb:3
  [1m[36mCACHE Director Load (0.1ms)[0m  [1m[34mSELECT  "directors".* FROM "directors" WHERE "directors"."id" = $1 LIMIT $2[0m  [["id", 17], ["LIMIT", 1]]
  ↳ app/views/movies/liste_film.html.erb:3
  [1m[36mCACHE Director Load (0.1ms)[0m  [1m[34mSELECT  "directors".* FROM "directors" WHERE "directors"."id" = $1 LIMIT $2[0m  [["id", 19], ["LIMIT", 1]]
  ↳ app/views/movies/liste_film.html.erb:3
  [1m[36mDirector Load (1.2ms)[0m  [1m[34mSELECT  "directors".* FROM "directors" WHERE "directors"."id" = $1 LIMIT $2[0m  [["id", 18], ["LIMIT", 1]]
  ↳ app/views/movies/liste_film.html.erb:3
  Rendered movies/liste_film.html.erb within layouts/application (35.5ms)
Completed 200 OK in 150ms (Views: 138.6ms | ActiveRecord: 6.4ms)


Started GET "/liste_film" for 127.0.0.1 at 2018-05-01 18:22:36 +0200
Processing by MoviesController#liste_film as HTML
  Rendering movies/liste_film.html.erb within layouts/application
  [1m[36mMovie Load (1.0ms)[0m  [1m[34mSELECT "movies".* FROM "movies"[0m
  ↳ app/views/movies/liste_film.html.erb:2
  [1m[36mDirector Load (1.0ms)[0m  [1m[34mSELECT  "directors".* FROM "directors" WHERE "directors"."id" = $1 LIMIT $2[0m  [["id", 17], ["LIMIT", 1]]
  ↳ app/views/movies/liste_film.html.erb:3
  [1m[36mDirector Load (0.9ms)[0m  [1m[34mSELECT  "directors".* FROM "directors" WHERE "directors"."id" = $1 LIMIT $2[0m  [["id", 19], ["LIMIT", 1]]
  ↳ app/views/movies/liste_film.html.erb:3
  [1m[36mCACHE Director Load (0.1ms)[0m  [1m[34mSELECT  "directors".* FROM "directors" WHERE "directors"."id" = $1 LIMIT $2[0m  [["id", 17], ["LIMIT", 1]]
  ↳ app/views/movies/liste_film.html.erb:3
  [1m[36mCACHE Director Load (0.1ms)[0m  [1m[34mSELECT  "directors".* FROM "directors" WHERE "directors"."id" = $1 LIMIT $2[0m  [["id", 19], ["LIMIT", 1]]
  ↳ app/views/movies/liste_film.html.erb:3
  [1m[36mDirector Load (0.9ms)[0m  [1m[34mSELECT  "directors".* FROM "directors" WHERE "directors"."id" = $1 LIMIT $2[0m  [["id", 18], ["LIMIT", 1]]
  ↳ app/views/movies/liste_film.html.erb:3
  Rendered movies/liste_film.html.erb within layouts/application (34.7ms)
Completed 200 OK in 179ms (Views: 170.5ms | ActiveRecord: 4.0ms)


